{"C:\\Users\\ivann\\Team711-project\\implementation\\src\\model\\Director.ts": {"path":"C:\\Users\\ivann\\Team711-project\\implementation\\src\\model\\Director.ts","statementMap":{"0":{"start":{"line":1,"column":0},"end":{"line":1,"column":53}},"1":{"start":{"line":2,"column":0},"end":{"line":2,"column":65}},"2":{"start":{"line":3,"column":0},"end":{"line":3,"column":67}},"3":{"start":{"line":22,"column":28},"end":{"line":22,"column":54}},"4":{"start":{"line":23,"column":25},"end":{"line":23,"column":32}},"5":{"start":{"line":24,"column":4},"end":{"line":24,"column":29}},"6":{"start":{"line":25,"column":21},"end":{"line":25,"column":41}},"7":{"start":{"line":26,"column":4},"end":{"line":26,"column":20}},"8":{"start":{"line":27,"column":4},"end":{"line":27,"column":16}},"9":{"start":{"line":38,"column":28},"end":{"line":38,"column":66}},"10":{"start":{"line":39,"column":25},"end":{"line":39,"column":37}},"11":{"start":{"line":40,"column":4},"end":{"line":40,"column":29}},"12":{"start":{"line":41,"column":27},"end":{"line":41,"column":47}},"13":{"start":{"line":42,"column":4},"end":{"line":42,"column":20}},"14":{"start":{"line":43,"column":4},"end":{"line":43,"column":15}},"15":{"start":{"line":51,"column":28},"end":{"line":51,"column":52}},"16":{"start":{"line":52,"column":27},"end":{"line":52,"column":47}},"17":{"start":{"line":53,"column":4},"end":{"line":53,"column":20}},"18":{"start":{"line":54,"column":4},"end":{"line":54,"column":15}},"19":{"start":{"line":13,"column":0},"end":{"line":13,"column":13}}},"fnMap":{"0":{"name":"(anonymous_0)","decl":{"start":{"line":21,"column":9},"end":{"line":21,"column":17}},"loc":{"start":{"line":21,"column":55},"end":{"line":28,"column":3}}},"1":{"name":"(anonymous_1)","decl":{"start":{"line":37,"column":9},"end":{"line":37,"column":23}},"loc":{"start":{"line":37,"column":78},"end":{"line":44,"column":3}}},"2":{"name":"(anonymous_2)","decl":{"start":{"line":50,"column":9},"end":{"line":50,"column":24}},"loc":{"start":{"line":50,"column":24},"end":{"line":55,"column":3}}}},"branchMap":{},"s":{"0":2,"1":2,"2":2,"3":0,"4":0,"5":0,"6":0,"7":0,"8":0,"9":310,"10":310,"11":310,"12":308,"13":308,"14":308,"15":0,"16":0,"17":0,"18":0,"19":2},"f":{"0":0,"1":310,"2":0},"b":{}}
,"C:\\Users\\ivann\\Team711-project\\implementation\\src\\model\\Utility.ts": {"path":"C:\\Users\\ivann\\Team711-project\\implementation\\src\\model\\Utility.ts","statementMap":{"0":{"start":{"line":1,"column":0},"end":{"line":1,"column":29}},"1":{"start":{"line":2,"column":0},"end":{"line":2,"column":55}},"2":{"start":{"line":3,"column":0},"end":{"line":3,"column":41}},"3":{"start":{"line":18,"column":21},"end":{"line":18,"column":22}},"4":{"start":{"line":19,"column":8},"end":{"line":22,"column":9}},"5":{"start":{"line":19,"column":21},"end":{"line":19,"column":22}},"6":{"start":{"line":20,"column":10},"end":{"line":20,"column":23}},"7":{"start":{"line":21,"column":10},"end":{"line":21,"column":65}},"8":{"start":{"line":23,"column":8},"end":{"line":23,"column":22}},"9":{"start":{"line":32,"column":21},"end":{"line":32,"column":23}},"10":{"start":{"line":33,"column":8},"end":{"line":37,"column":9}},"11":{"start":{"line":34,"column":10},"end":{"line":34,"column":16}},"12":{"start":{"line":35,"column":10},"end":{"line":35,"column":80}},"13":{"start":{"line":36,"column":10},"end":{"line":36,"column":37}},"14":{"start":{"line":38,"column":8},"end":{"line":38,"column":22}},"15":{"start":{"line":47,"column":25},"end":{"line":47,"column":48}},"16":{"start":{"line":48,"column":26},"end":{"line":48,"column":48}},"17":{"start":{"line":49,"column":26},"end":{"line":49,"column":52}},"18":{"start":{"line":50,"column":24},"end":{"line":50,"column":47}},"19":{"start":{"line":51,"column":33},"end":{"line":51,"column":57}},"20":{"start":{"line":52,"column":8},"end":{"line":57,"column":11}},"21":{"start":{"line":54,"column":10},"end":{"line":54,"column":50}},"22":{"start":{"line":54,"column":43},"end":{"line":54,"column":50}},"23":{"start":{"line":55,"column":28},"end":{"line":55,"column":52}},"24":{"start":{"line":56,"column":10},"end":{"line":56,"column":71}},"25":{"start":{"line":58,"column":8},"end":{"line":58,"column":21}},"26":{"start":{"line":67,"column":40},"end":{"line":67,"column":61}},"27":{"start":{"line":68,"column":42},"end":{"line":68,"column":44}},"28":{"start":{"line":69,"column":21},"end":{"line":69,"column":22}},"29":{"start":{"line":70,"column":21},"end":{"line":70,"column":22}},"30":{"start":{"line":71,"column":8},"end":{"line":86,"column":11}},"31":{"start":{"line":73,"column":12},"end":{"line":76,"column":14}},"32":{"start":{"line":79,"column":26},"end":{"line":79,"column":56}},"33":{"start":{"line":80,"column":12},"end":{"line":85,"column":13}},"34":{"start":{"line":81,"column":28},"end":{"line":81,"column":66}},"35":{"start":{"line":82,"column":28},"end":{"line":82,"column":46}},"36":{"start":{"line":83,"column":16},"end":{"line":83,"column":47}},"37":{"start":{"line":84,"column":16},"end":{"line":84,"column":47}},"38":{"start":{"line":89,"column":22},"end":{"line":92,"column":10}},"39":{"start":{"line":93,"column":8},"end":{"line":93,"column":59}},"40":{"start":{"line":96,"column":8},"end":{"line":96,"column":68}},"41":{"start":{"line":99,"column":8},"end":{"line":99,"column":45}},"42":{"start":{"line":9,"column":0},"end":{"line":9,"column":13}}},"fnMap":{"0":{"name":"(anonymous_6)","decl":{"start":{"line":17,"column":4},"end":{"line":17,"column":10}},"loc":{"start":{"line":17,"column":46},"end":{"line":24,"column":7}}},"1":{"name":"(anonymous_7)","decl":{"start":{"line":31,"column":4},"end":{"line":31,"column":10}},"loc":{"start":{"line":31,"column":43},"end":{"line":39,"column":5}}},"2":{"name":"(anonymous_8)","decl":{"start":{"line":46,"column":4},"end":{"line":46,"column":10}},"loc":{"start":{"line":46,"column":38},"end":{"line":59,"column":5}}},"3":{"name":"(anonymous_9)","decl":{"start":{"line":52,"column":39},"end":{"line":52,"column":50}},"loc":{"start":{"line":52,"column":53},"end":{"line":57,"column":9}}},"4":{"name":"(anonymous_10)","decl":{"start":{"line":66,"column":4},"end":{"line":66,"column":10}},"loc":{"start":{"line":66,"column":70},"end":{"line":100,"column":5}}},"5":{"name":"(anonymous_11)","decl":{"start":{"line":71,"column":24},"end":{"line":71,"column":25}},"loc":{"start":{"line":71,"column":43},"end":{"line":86,"column":9}}}},"branchMap":{"0":{"loc":{"start":{"line":54,"column":10},"end":{"line":54,"column":50}},"type":"if","locations":[{"start":{"line":54,"column":10},"end":{"line":54,"column":50}}]},"1":{"loc":{"start":{"line":80,"column":12},"end":{"line":85,"column":13}},"type":"if","locations":[{"start":{"line":80,"column":12},"end":{"line":85,"column":13}}]}},"s":{"0":2,"1":2,"2":2,"3":56,"4":56,"5":56,"6":112,"7":112,"8":56,"9":0,"10":0,"11":0,"12":0,"13":0,"14":0,"15":0,"16":0,"17":0,"18":0,"19":0,"20":0,"21":0,"22":0,"23":0,"24":0,"25":0,"26":0,"27":0,"28":0,"29":0,"30":0,"31":0,"32":0,"33":0,"34":0,"35":0,"36":0,"37":0,"38":0,"39":0,"40":0,"41":0,"42":2},"f":{"0":56,"1":0,"2":0,"3":0,"4":0,"5":0},"b":{"0":[0],"1":[0]}}
,"C:\\Users\\ivann\\Team711-project\\implementation\\src\\model\\builders\\CellBuilder.ts": {"path":"C:\\Users\\ivann\\Team711-project\\implementation\\src\\model\\builders\\CellBuilder.ts","statementMap":{"0":{"start":{"line":1,"column":0},"end":{"line":1,"column":42}},"1":{"start":{"line":11,"column":10},"end":{"line":11,"column":null}},"2":{"start":{"line":12,"column":10},"end":{"line":12,"column":null}},"3":{"start":{"line":19,"column":4},"end":{"line":19,"column":20}},"4":{"start":{"line":20,"column":4},"end":{"line":20,"column":27}},"5":{"start":{"line":24,"column":21},"end":{"line":24,"column":53}},"6":{"start":{"line":26,"column":4},"end":{"line":26,"column":16}},"7":{"start":{"line":30,"column":4},"end":{"line":30,"column":20}},"8":{"start":{"line":34,"column":4},"end":{"line":34,"column":25}},"9":{"start":{"line":10,"column":0},"end":{"line":10,"column":13}}},"fnMap":{"0":{"name":"(anonymous_0)","decl":{"start":{"line":18,"column":2},"end":{"line":18,"column":21}},"loc":{"start":{"line":18,"column":43},"end":{"line":21,"column":3}}},"1":{"name":"(anonymous_1)","decl":{"start":{"line":23,"column":9},"end":{"line":23,"column":19}},"loc":{"start":{"line":23,"column":19},"end":{"line":27,"column":3}}},"2":{"name":"(anonymous_2)","decl":{"start":{"line":29,"column":9},"end":{"line":29,"column":14}},"loc":{"start":{"line":29,"column":14},"end":{"line":31,"column":3}}},"3":{"name":"(anonymous_3)","decl":{"start":{"line":33,"column":9},"end":{"line":33,"column":19}},"loc":{"start":{"line":33,"column":34},"end":{"line":35,"column":3}}}},"branchMap":{},"s":{"0":2,"1":36,"2":36,"3":36,"4":36,"5":31,"6":31,"7":3,"8":26,"9":2},"f":{"0":36,"1":31,"2":3,"3":26},"b":{}}
,"C:\\Users\\ivann\\Team711-project\\implementation\\src\\model\\builders\\ExpressionBuilder.ts": {"path":"C:\\Users\\ivann\\Team711-project\\implementation\\src\\model\\builders\\ExpressionBuilder.ts","statementMap":{"0":{"start":{"line":3,"column":0},"end":{"line":3,"column":65}},"1":{"start":{"line":4,"column":0},"end":{"line":4,"column":65}},"2":{"start":{"line":5,"column":0},"end":{"line":5,"column":63}},"3":{"start":{"line":6,"column":0},"end":{"line":6,"column":73}},"4":{"start":{"line":7,"column":0},"end":{"line":7,"column":65}},"5":{"start":{"line":8,"column":0},"end":{"line":8,"column":62}},"6":{"start":{"line":9,"column":0},"end":{"line":9,"column":64}},"7":{"start":{"line":10,"column":0},"end":{"line":10,"column":69}},"8":{"start":{"line":11,"column":0},"end":{"line":11,"column":45}},"9":{"start":{"line":12,"column":0},"end":{"line":12,"column":39}},"10":{"start":{"line":13,"column":0},"end":{"line":13,"column":52}},"11":{"start":{"line":22,"column":10},"end":{"line":22,"column":null}},"12":{"start":{"line":23,"column":10},"end":{"line":23,"column":null}},"13":{"start":{"line":24,"column":10},"end":{"line":24,"column":null}},"14":{"start":{"line":25,"column":10},"end":{"line":25,"column":null}},"15":{"start":{"line":33,"column":4},"end":{"line":33,"column":44}},"16":{"start":{"line":34,"column":4},"end":{"line":34,"column":22}},"17":{"start":{"line":35,"column":4},"end":{"line":35,"column":21}},"18":{"start":{"line":36,"column":4},"end":{"line":36,"column":27}},"19":{"start":{"line":40,"column":33},"end":{"line":40,"column":48}},"20":{"start":{"line":41,"column":4},"end":{"line":41,"column":44}},"21":{"start":{"line":42,"column":4},"end":{"line":42,"column":22}},"22":{"start":{"line":43,"column":4},"end":{"line":43,"column":21}},"23":{"start":{"line":47,"column":4},"end":{"line":47,"column":44}},"24":{"start":{"line":51,"column":4},"end":{"line":51,"column":47}},"25":{"start":{"line":52,"column":4},"end":{"line":52,"column":26}},"26":{"start":{"line":60,"column":4},"end":{"line":63,"column":5}},"27":{"start":{"line":61,"column":6},"end":{"line":61,"column":46}},"28":{"start":{"line":62,"column":6},"end":{"line":62,"column":13}},"29":{"start":{"line":64,"column":4},"end":{"line":70,"column":5}},"30":{"start":{"line":65,"column":6},"end":{"line":65,"column":68}},"31":{"start":{"line":66,"column":6},"end":{"line":66,"column":30}},"32":{"start":{"line":67,"column":6},"end":{"line":67,"column":30}},"33":{"start":{"line":69,"column":6},"end":{"line":69,"column":57}},"34":{"start":{"line":71,"column":4},"end":{"line":73,"column":5}},"35":{"start":{"line":72,"column":6},"end":{"line":72,"column":48}},"36":{"start":{"line":80,"column":4},"end":{"line":90,"column":5}},"37":{"start":{"line":81,"column":6},"end":{"line":81,"column":70}},"38":{"start":{"line":82,"column":11},"end":{"line":90,"column":5}},"39":{"start":{"line":83,"column":18},"end":{"line":83,"column":59}},"40":{"start":{"line":84,"column":6},"end":{"line":84,"column":79}},"41":{"start":{"line":85,"column":11},"end":{"line":90,"column":5}},"42":{"start":{"line":86,"column":20},"end":{"line":86,"column":86}},"43":{"start":{"line":87,"column":6},"end":{"line":87,"column":97}},"44":{"start":{"line":88,"column":11},"end":{"line":90,"column":5}},"45":{"start":{"line":89,"column":6},"end":{"line":89,"column":57}},"46":{"start":{"line":99,"column":31},"end":{"line":99,"column":32}},"47":{"start":{"line":100,"column":34},"end":{"line":100,"column":36}},"48":{"start":{"line":101,"column":4},"end":{"line":117,"column":5}},"49":{"start":{"line":101,"column":17},"end":{"line":101,"column":18}},"50":{"start":{"line":102,"column":6},"end":{"line":104,"column":7}},"51":{"start":{"line":103,"column":8},"end":{"line":103,"column":26}},"52":{"start":{"line":105,"column":6},"end":{"line":107,"column":7}},"53":{"start":{"line":106,"column":8},"end":{"line":106,"column":30}},"54":{"start":{"line":108,"column":6},"end":{"line":116,"column":7}},"55":{"start":{"line":109,"column":8},"end":{"line":109,"column":26}},"56":{"start":{"line":110,"column":8},"end":{"line":115,"column":9}},"57":{"start":{"line":111,"column":10},"end":{"line":111,"column":32}},"58":{"start":{"line":113,"column":10},"end":{"line":113,"column":51}},"59":{"start":{"line":114,"column":10},"end":{"line":114,"column":17}},"60":{"start":{"line":118,"column":4},"end":{"line":121,"column":5}},"61":{"start":{"line":119,"column":6},"end":{"line":119,"column":47}},"62":{"start":{"line":120,"column":6},"end":{"line":120,"column":13}},"63":{"start":{"line":122,"column":4},"end":{"line":122,"column":39}},"64":{"start":{"line":132,"column":4},"end":{"line":141,"column":5}},"65":{"start":{"line":132,"column":17},"end":{"line":132,"column":18}},"66":{"start":{"line":133,"column":6},"end":{"line":135,"column":7}},"67":{"start":{"line":134,"column":8},"end":{"line":134,"column":17}},"68":{"start":{"line":136,"column":25},"end":{"line":136,"column":47}},"69":{"start":{"line":137,"column":6},"end":{"line":140,"column":7}},"70":{"start":{"line":138,"column":8},"end":{"line":138,"column":55}},"71":{"start":{"line":139,"column":8},"end":{"line":139,"column":15}},"72":{"start":{"line":142,"column":4},"end":{"line":151,"column":5}},"73":{"start":{"line":142,"column":17},"end":{"line":142,"column":18}},"74":{"start":{"line":143,"column":6},"end":{"line":145,"column":7}},"75":{"start":{"line":144,"column":8},"end":{"line":144,"column":17}},"76":{"start":{"line":146,"column":25},"end":{"line":146,"column":47}},"77":{"start":{"line":147,"column":6},"end":{"line":150,"column":7}},"78":{"start":{"line":148,"column":8},"end":{"line":148,"column":55}},"79":{"start":{"line":149,"column":8},"end":{"line":149,"column":15}},"80":{"start":{"line":152,"column":4},"end":{"line":161,"column":5}},"81":{"start":{"line":152,"column":17},"end":{"line":152,"column":18}},"82":{"start":{"line":153,"column":6},"end":{"line":155,"column":7}},"83":{"start":{"line":154,"column":8},"end":{"line":154,"column":17}},"84":{"start":{"line":156,"column":25},"end":{"line":156,"column":47}},"85":{"start":{"line":157,"column":6},"end":{"line":160,"column":7}},"86":{"start":{"line":158,"column":8},"end":{"line":158,"column":55}},"87":{"start":{"line":159,"column":8},"end":{"line":159,"column":15}},"88":{"start":{"line":162,"column":4},"end":{"line":162,"column":23}},"89":{"start":{"line":172,"column":30},"end":{"line":175,"column":null}},"90":{"start":{"line":177,"column":31},"end":{"line":180,"column":null}},"91":{"start":{"line":182,"column":4},"end":{"line":184,"column":5}},"92":{"start":{"line":183,"column":6},"end":{"line":183,"column":31}},"93":{"start":{"line":185,"column":25},"end":{"line":185,"column":56}},"94":{"start":{"line":187,"column":4},"end":{"line":217,"column":5}},"95":{"start":{"line":189,"column":8},"end":{"line":189,"column":29}},"96":{"start":{"line":190,"column":8},"end":{"line":190,"column":14}},"97":{"start":{"line":192,"column":8},"end":{"line":194,"column":9}},"98":{"start":{"line":193,"column":10},"end":{"line":193,"column":41}},"99":{"start":{"line":195,"column":8},"end":{"line":195,"column":30}},"100":{"start":{"line":196,"column":8},"end":{"line":196,"column":14}},"101":{"start":{"line":198,"column":8},"end":{"line":200,"column":9}},"102":{"start":{"line":199,"column":10},"end":{"line":199,"column":41}},"103":{"start":{"line":201,"column":8},"end":{"line":201,"column":28}},"104":{"start":{"line":202,"column":8},"end":{"line":202,"column":14}},"105":{"start":{"line":204,"column":8},"end":{"line":206,"column":9}},"106":{"start":{"line":205,"column":10},"end":{"line":205,"column":41}},"107":{"start":{"line":207,"column":8},"end":{"line":207,"column":29}},"108":{"start":{"line":208,"column":8},"end":{"line":208,"column":14}},"109":{"start":{"line":210,"column":8},"end":{"line":212,"column":9}},"110":{"start":{"line":211,"column":10},"end":{"line":211,"column":41}},"111":{"start":{"line":213,"column":8},"end":{"line":213,"column":30}},"112":{"start":{"line":214,"column":8},"end":{"line":214,"column":14}},"113":{"start":{"line":216,"column":8},"end":{"line":216,"column":40}},"114":{"start":{"line":218,"column":4},"end":{"line":218,"column":63}},"115":{"start":{"line":228,"column":4},"end":{"line":228,"column":87}},"116":{"start":{"line":235,"column":4},"end":{"line":240,"column":8}},"117":{"start":{"line":236,"column":6},"end":{"line":240,"column":8}},"118":{"start":{"line":21,"column":0},"end":{"line":21,"column":13}}},"fnMap":{"0":{"name":"(anonymous_0)","decl":{"start":{"line":32,"column":2},"end":{"line":32,"column":14}},"loc":{"start":{"line":32,"column":48},"end":{"line":37,"column":3}}},"1":{"name":"(anonymous_1)","decl":{"start":{"line":39,"column":9},"end":{"line":39,"column":19}},"loc":{"start":{"line":39,"column":19},"end":{"line":44,"column":3}}},"2":{"name":"(anonymous_2)","decl":{"start":{"line":46,"column":9},"end":{"line":46,"column":14}},"loc":{"start":{"line":46,"column":14},"end":{"line":48,"column":3}}},"3":{"name":"(anonymous_3)","decl":{"start":{"line":50,"column":9},"end":{"line":50,"column":19}},"loc":{"start":{"line":50,"column":34},"end":{"line":53,"column":3}}},"4":{"name":"(anonymous_4)","decl":{"start":{"line":59,"column":10},"end":{"line":59,"column":24}},"loc":{"start":{"line":59,"column":24},"end":{"line":74,"column":3}}},"5":{"name":"(anonymous_5)","decl":{"start":{"line":79,"column":10},"end":{"line":79,"column":26}},"loc":{"start":{"line":79,"column":26},"end":{"line":91,"column":3}}},"6":{"name":"(anonymous_6)","decl":{"start":{"line":98,"column":10},"end":{"line":98,"column":26}},"loc":{"start":{"line":98,"column":26},"end":{"line":123,"column":3}}},"7":{"name":"(anonymous_7)","decl":{"start":{"line":131,"column":10},"end":{"line":131,"column":24}},"loc":{"start":{"line":131,"column":48},"end":{"line":163,"column":3}}},"8":{"name":"(anonymous_8)","decl":{"start":{"line":171,"column":10},"end":{"line":171,"column":24}},"loc":{"start":{"line":171,"column":48},"end":{"line":219,"column":3}}},"9":{"name":"(anonymous_9)","decl":{"start":{"line":227,"column":10},"end":{"line":227,"column":23}},"loc":{"start":{"line":227,"column":61},"end":{"line":229,"column":3}}},"10":{"name":"(anonymous_10)","decl":{"start":{"line":234,"column":10},"end":{"line":234,"column":21}},"loc":{"start":{"line":234,"column":21},"end":{"line":241,"column":3}}}},"branchMap":{"0":{"loc":{"start":{"line":60,"column":4},"end":{"line":63,"column":5}},"type":"if","locations":[{"start":{"line":60,"column":4},"end":{"line":63,"column":5}}]},"1":{"loc":{"start":{"line":64,"column":4},"end":{"line":70,"column":5}},"type":"if","locations":[{"start":{"line":64,"column":4},"end":{"line":70,"column":5}},{"start":{"line":68,"column":11},"end":{"line":70,"column":5}}]},"2":{"loc":{"start":{"line":71,"column":4},"end":{"line":73,"column":5}},"type":"if","locations":[{"start":{"line":71,"column":4},"end":{"line":73,"column":5}}]},"3":{"loc":{"start":{"line":80,"column":4},"end":{"line":90,"column":5}},"type":"if","locations":[{"start":{"line":80,"column":4},"end":{"line":90,"column":5}},{"start":{"line":82,"column":11},"end":{"line":90,"column":5}}]},"4":{"loc":{"start":{"line":82,"column":11},"end":{"line":90,"column":5}},"type":"if","locations":[{"start":{"line":82,"column":11},"end":{"line":90,"column":5}},{"start":{"line":85,"column":11},"end":{"line":90,"column":5}}]},"5":{"loc":{"start":{"line":85,"column":11},"end":{"line":90,"column":5}},"type":"if","locations":[{"start":{"line":85,"column":11},"end":{"line":90,"column":5}},{"start":{"line":88,"column":11},"end":{"line":90,"column":5}}]},"6":{"loc":{"start":{"line":88,"column":11},"end":{"line":90,"column":5}},"type":"if","locations":[{"start":{"line":88,"column":11},"end":{"line":90,"column":5}}]},"7":{"loc":{"start":{"line":102,"column":6},"end":{"line":104,"column":7}},"type":"if","locations":[{"start":{"line":102,"column":6},"end":{"line":104,"column":7}}]},"8":{"loc":{"start":{"line":105,"column":6},"end":{"line":107,"column":7}},"type":"if","locations":[{"start":{"line":105,"column":6},"end":{"line":107,"column":7}}]},"9":{"loc":{"start":{"line":108,"column":6},"end":{"line":116,"column":7}},"type":"if","locations":[{"start":{"line":108,"column":6},"end":{"line":116,"column":7}}]},"10":{"loc":{"start":{"line":110,"column":8},"end":{"line":115,"column":9}},"type":"if","locations":[{"start":{"line":110,"column":8},"end":{"line":115,"column":9}},{"start":{"line":112,"column":15},"end":{"line":115,"column":9}}]},"11":{"loc":{"start":{"line":118,"column":4},"end":{"line":121,"column":5}},"type":"if","locations":[{"start":{"line":118,"column":4},"end":{"line":121,"column":5}}]},"12":{"loc":{"start":{"line":133,"column":6},"end":{"line":135,"column":7}},"type":"if","locations":[{"start":{"line":133,"column":6},"end":{"line":135,"column":7}}]},"13":{"loc":{"start":{"line":137,"column":6},"end":{"line":140,"column":7}},"type":"if","locations":[{"start":{"line":137,"column":6},"end":{"line":140,"column":7}}]},"14":{"loc":{"start":{"line":137,"column":10},"end":{"line":137,"column":38}},"type":"binary-expr","locations":[{"start":{"line":137,"column":10},"end":{"line":137,"column":22}},{"start":{"line":137,"column":26},"end":{"line":137,"column":38}}]},"15":{"loc":{"start":{"line":143,"column":6},"end":{"line":145,"column":7}},"type":"if","locations":[{"start":{"line":143,"column":6},"end":{"line":145,"column":7}}]},"16":{"loc":{"start":{"line":147,"column":6},"end":{"line":150,"column":7}},"type":"if","locations":[{"start":{"line":147,"column":6},"end":{"line":150,"column":7}}]},"17":{"loc":{"start":{"line":147,"column":10},"end":{"line":147,"column":38}},"type":"binary-expr","locations":[{"start":{"line":147,"column":10},"end":{"line":147,"column":22}},{"start":{"line":147,"column":26},"end":{"line":147,"column":38}}]},"18":{"loc":{"start":{"line":153,"column":6},"end":{"line":155,"column":7}},"type":"if","locations":[{"start":{"line":153,"column":6},"end":{"line":155,"column":7}}]},"19":{"loc":{"start":{"line":157,"column":6},"end":{"line":160,"column":7}},"type":"if","locations":[{"start":{"line":157,"column":6},"end":{"line":160,"column":7}}]},"20":{"loc":{"start":{"line":182,"column":4},"end":{"line":184,"column":5}},"type":"if","locations":[{"start":{"line":182,"column":4},"end":{"line":184,"column":5}}]},"21":{"loc":{"start":{"line":182,"column":8},"end":{"line":182,"column":59}},"type":"binary-expr","locations":[{"start":{"line":182,"column":8},"end":{"line":182,"column":31}},{"start":{"line":182,"column":35},"end":{"line":182,"column":59}}]},"22":{"loc":{"start":{"line":187,"column":4},"end":{"line":217,"column":5}},"type":"switch","locations":[{"start":{"line":188,"column":6},"end":{"line":190,"column":14}},{"start":{"line":191,"column":6},"end":{"line":196,"column":14}},{"start":{"line":197,"column":6},"end":{"line":202,"column":14}},{"start":{"line":203,"column":6},"end":{"line":208,"column":14}},{"start":{"line":209,"column":6},"end":{"line":214,"column":14}},{"start":{"line":215,"column":6},"end":{"line":216,"column":40}}]},"23":{"loc":{"start":{"line":192,"column":8},"end":{"line":194,"column":9}},"type":"if","locations":[{"start":{"line":192,"column":8},"end":{"line":194,"column":9}}]},"24":{"loc":{"start":{"line":198,"column":8},"end":{"line":200,"column":9}},"type":"if","locations":[{"start":{"line":198,"column":8},"end":{"line":200,"column":9}}]},"25":{"loc":{"start":{"line":204,"column":8},"end":{"line":206,"column":9}},"type":"if","locations":[{"start":{"line":204,"column":8},"end":{"line":206,"column":9}}]},"26":{"loc":{"start":{"line":210,"column":8},"end":{"line":212,"column":9}},"type":"if","locations":[{"start":{"line":210,"column":8},"end":{"line":212,"column":9}}]},"27":{"loc":{"start":{"line":228,"column":11},"end":{"line":228,"column":86}},"type":"binary-expr","locations":[{"start":{"line":228,"column":11},"end":{"line":228,"column":46}},{"start":{"line":228,"column":50},"end":{"line":228,"column":86}}]},"28":{"loc":{"start":{"line":235,"column":4},"end":{"line":240,"column":8}},"type":"if","locations":[{"start":{"line":235,"column":4},"end":{"line":240,"column":8}}]}},"s":{"0":2,"1":2,"2":2,"3":2,"4":2,"5":2,"6":2,"7":2,"8":2,"9":2,"10":2,"11":310,"12":310,"13":310,"14":310,"15":310,"16":310,"17":310,"18":310,"19":308,"20":308,"21":308,"22":308,"23":308,"24":310,"25":310,"26":310,"27":64,"28":64,"29":246,"30":212,"31":212,"32":212,"33":34,"34":244,"35":10,"36":212,"37":101,"38":111,"39":8,"40":8,"41":103,"42":12,"43":12,"44":91,"45":7,"46":212,"47":212,"48":212,"49":212,"50":860,"51":71,"52":860,"53":350,"54":860,"55":73,"56":73,"57":70,"58":3,"59":3,"60":209,"61":1,"62":1,"63":208,"64":208,"65":208,"66":751,"67":315,"68":436,"69":436,"70":34,"71":34,"72":174,"73":174,"74":579,"75":265,"76":314,"77":314,"78":19,"79":19,"80":155,"81":155,"82":491,"83":232,"84":259,"85":259,"86":4,"87":4,"88":151,"89":57,"90":57,"91":57,"92":10,"93":47,"94":47,"95":23,"96":23,"97":2,"98":0,"99":2,"100":2,"101":5,"102":0,"103":5,"104":5,"105":13,"106":1,"107":12,"108":12,"109":4,"110":0,"111":4,"112":4,"113":0,"114":46,"115":47,"116":151,"117":15,"118":2},"f":{"0":310,"1":308,"2":308,"3":310,"4":310,"5":212,"6":212,"7":208,"8":57,"9":47,"10":151},"b":{"0":[64],"1":[212,34],"2":[10],"3":[101,111],"4":[8,103],"5":[12,91],"6":[7],"7":[71],"8":[350],"9":[73],"10":[70,3],"11":[1],"12":[315],"13":[34],"14":[436,406],"15":[265],"16":[19],"17":[314,300],"18":[232],"19":[4],"20":[10],"21":[57,50],"22":[23,2,5,13,4,0],"23":[0],"24":[0],"25":[1],"26":[0],"27":[47,43],"28":[15]}}
,"C:\\Users\\ivann\\Team711-project\\implementation\\src\\model\\builders\\SpreadSheetBuilder.ts": {"path":"C:\\Users\\ivann\\Team711-project\\implementation\\src\\model\\builders\\SpreadSheetBuilder.ts","statementMap":{"0":{"start":{"line":1,"column":0},"end":{"line":1,"column":45}},"1":{"start":{"line":3,"column":0},"end":{"line":3,"column":59}},"2":{"start":{"line":4,"column":0},"end":{"line":4,"column":40}},"3":{"start":{"line":10,"column":10},"end":{"line":10,"column":null}},"4":{"start":{"line":11,"column":10},"end":{"line":11,"column":null}},"5":{"start":{"line":12,"column":10},"end":{"line":12,"column":null}},"6":{"start":{"line":18,"column":4},"end":{"line":18,"column":37}},"7":{"start":{"line":19,"column":4},"end":{"line":19,"column":43}},"8":{"start":{"line":20,"column":4},"end":{"line":20,"column":49}},"9":{"start":{"line":24,"column":4},"end":{"line":29,"column":5}},"10":{"start":{"line":24,"column":17},"end":{"line":24,"column":18}},"11":{"start":{"line":25,"column":7},"end":{"line":28,"column":8}},"12":{"start":{"line":25,"column":20},"end":{"line":25,"column":21}},"13":{"start":{"line":26,"column":28},"end":{"line":26,"column":63}},"14":{"start":{"line":27,"column":8},"end":{"line":27,"column":87}},"15":{"start":{"line":30,"column":4},"end":{"line":30,"column":28}},"16":{"start":{"line":34,"column":4},"end":{"line":34,"column":21}},"17":{"start":{"line":38,"column":4},"end":{"line":40,"column":5}},"18":{"start":{"line":38,"column":17},"end":{"line":38,"column":18}},"19":{"start":{"line":39,"column":6},"end":{"line":39,"column":45}},"20":{"start":{"line":9,"column":0},"end":{"line":9,"column":13}}},"fnMap":{"0":{"name":"(anonymous_0)","decl":{"start":{"line":17,"column":2},"end":{"line":17,"column":null}},"loc":{"start":{"line":17,"column":2},"end":{"line":21,"column":3}}},"1":{"name":"(anonymous_1)","decl":{"start":{"line":23,"column":9},"end":{"line":23,"column":19}},"loc":{"start":{"line":23,"column":19},"end":{"line":31,"column":3}}},"2":{"name":"(anonymous_2)","decl":{"start":{"line":33,"column":9},"end":{"line":33,"column":14}},"loc":{"start":{"line":33,"column":14},"end":{"line":35,"column":3}}},"3":{"name":"(anonymous_3)","decl":{"start":{"line":37,"column":9},"end":{"line":37,"column":19}},"loc":{"start":{"line":37,"column":34},"end":{"line":41,"column":3}}}},"branchMap":{"0":{"loc":{"start":{"line":27,"column":37},"end":{"line":27,"column":66}},"type":"binary-expr","locations":[{"start":{"line":27,"column":37},"end":{"line":27,"column":60}},{"start":{"line":27,"column":64},"end":{"line":27,"column":66}}]}},"s":{"0":2,"1":2,"2":2,"3":0,"4":0,"5":0,"6":0,"7":0,"8":0,"9":0,"10":0,"11":0,"12":0,"13":0,"14":0,"15":0,"16":0,"17":0,"18":0,"19":0,"20":2},"f":{"0":0,"1":0,"2":0,"3":0},"b":{"0":[0,0]}}
,"C:\\Users\\ivann\\Team711-project\\implementation\\src\\model\\components\\Cell.ts": {"path":"C:\\Users\\ivann\\Team711-project\\implementation\\src\\model\\components\\Cell.ts","statementMap":{"0":{"start":{"line":2,"column":0},"end":{"line":2,"column":62}},"1":{"start":{"line":3,"column":0},"end":{"line":3,"column":39}},"2":{"start":{"line":6,"column":0},"end":{"line":6,"column":58}},"3":{"start":{"line":17,"column":10},"end":{"line":17,"column":null}},"4":{"start":{"line":18,"column":10},"end":{"line":18,"column":null}},"5":{"start":{"line":19,"column":10},"end":{"line":19,"column":null}},"6":{"start":{"line":20,"column":10},"end":{"line":20,"column":null}},"7":{"start":{"line":23,"column":10},"end":{"line":23,"column":null}},"8":{"start":{"line":24,"column":10},"end":{"line":24,"column":null}},"9":{"start":{"line":25,"column":10},"end":{"line":25,"column":null}},"10":{"start":{"line":26,"column":10},"end":{"line":26,"column":null}},"11":{"start":{"line":34,"column":4},"end":{"line":34,"column":23}},"12":{"start":{"line":35,"column":4},"end":{"line":35,"column":27}},"13":{"start":{"line":36,"column":4},"end":{"line":36,"column":47}},"14":{"start":{"line":37,"column":4},"end":{"line":37,"column":82}},"15":{"start":{"line":45,"column":4},"end":{"line":45,"column":33}},"16":{"start":{"line":53,"column":4},"end":{"line":53,"column":36}},"17":{"start":{"line":61,"column":4},"end":{"line":61,"column":44}},"18":{"start":{"line":69,"column":4},"end":{"line":69,"column":47}},"19":{"start":{"line":77,"column":4},"end":{"line":77,"column":32}},"20":{"start":{"line":78,"column":4},"end":{"line":78,"column":28}},"21":{"start":{"line":86,"column":4},"end":{"line":86,"column":35}},"22":{"start":{"line":87,"column":4},"end":{"line":87,"column":31}},"23":{"start":{"line":95,"column":4},"end":{"line":95,"column":30}},"24":{"start":{"line":103,"column":4},"end":{"line":103,"column":33}},"25":{"start":{"line":110,"column":4},"end":{"line":112,"column":7}},"26":{"start":{"line":111,"column":6},"end":{"line":111,"column":33}},"27":{"start":{"line":113,"column":4},"end":{"line":113,"column":30}},"28":{"start":{"line":120,"column":4},"end":{"line":120,"column":55}},"29":{"start":{"line":120,"column":39},"end":{"line":120,"column":53}},"30":{"start":{"line":128,"column":4},"end":{"line":128,"column":70}},"31":{"start":{"line":128,"column":50},"end":{"line":128,"column":68}},"32":{"start":{"line":135,"column":4},"end":{"line":139,"column":7}},"33":{"start":{"line":136,"column":6},"end":{"line":136,"column":22}},"34":{"start":{"line":137,"column":6},"end":{"line":137,"column":29}},"35":{"start":{"line":138,"column":6},"end":{"line":138,"column":49}},"36":{"start":{"line":147,"column":4},"end":{"line":147,"column":22}},"37":{"start":{"line":156,"column":21},"end":{"line":156,"column":36}},"38":{"start":{"line":157,"column":4},"end":{"line":157,"column":29}},"39":{"start":{"line":159,"column":4},"end":{"line":159,"column":25}},"40":{"start":{"line":160,"column":4},"end":{"line":160,"column":82}},"41":{"start":{"line":161,"column":4},"end":{"line":161,"column":66}},"42":{"start":{"line":164,"column":21},"end":{"line":164,"column":36}},"43":{"start":{"line":165,"column":4},"end":{"line":167,"column":5}},"44":{"start":{"line":166,"column":6},"end":{"line":166,"column":42}},"45":{"start":{"line":170,"column":4},"end":{"line":170,"column":27}},"46":{"start":{"line":173,"column":4},"end":{"line":173,"column":28}},"47":{"start":{"line":182,"column":4},"end":{"line":182,"column":28}},"48":{"start":{"line":183,"column":4},"end":{"line":183,"column":27}},"49":{"start":{"line":184,"column":4},"end":{"line":184,"column":36}},"50":{"start":{"line":192,"column":18},"end":{"line":192,"column":44}},"51":{"start":{"line":193,"column":4},"end":{"line":193,"column":17}},"52":{"start":{"line":201,"column":4},"end":{"line":201,"column":38}},"53":{"start":{"line":209,"column":4},"end":{"line":209,"column":36}},"54":{"start":{"line":16,"column":0},"end":{"line":16,"column":13}}},"fnMap":{"0":{"name":"(anonymous_0)","decl":{"start":{"line":33,"column":2},"end":{"line":33,"column":21}},"loc":{"start":{"line":33,"column":58},"end":{"line":38,"column":3}}},"1":{"name":"(anonymous_1)","decl":{"start":{"line":44,"column":9},"end":{"line":44,"column":18}},"loc":{"start":{"line":44,"column":41},"end":{"line":46,"column":3}}},"2":{"name":"(anonymous_2)","decl":{"start":{"line":52,"column":9},"end":{"line":52,"column":20}},"loc":{"start":{"line":52,"column":43},"end":{"line":54,"column":3}}},"3":{"name":"(anonymous_3)","decl":{"start":{"line":60,"column":9},"end":{"line":60,"column":25}},"loc":{"start":{"line":60,"column":55},"end":{"line":62,"column":3}}},"4":{"name":"(anonymous_4)","decl":{"start":{"line":68,"column":9},"end":{"line":68,"column":29}},"loc":{"start":{"line":68,"column":59},"end":{"line":70,"column":3}}},"5":{"name":"(anonymous_5)","decl":{"start":{"line":76,"column":9},"end":{"line":76,"column":22}},"loc":{"start":{"line":76,"column":33},"end":{"line":79,"column":3}}},"6":{"name":"(anonymous_6)","decl":{"start":{"line":85,"column":9},"end":{"line":85,"column":25}},"loc":{"start":{"line":85,"column":36},"end":{"line":88,"column":3}}},"7":{"name":"(anonymous_7)","decl":{"start":{"line":94,"column":10},"end":{"line":94,"column":22}},"loc":{"start":{"line":94,"column":33},"end":{"line":96,"column":3}}},"8":{"name":"(anonymous_8)","decl":{"start":{"line":102,"column":10},"end":{"line":102,"column":25}},"loc":{"start":{"line":102,"column":36},"end":{"line":104,"column":3}}},"9":{"name":"(anonymous_9)","decl":{"start":{"line":109,"column":10},"end":{"line":109,"column":27}},"loc":{"start":{"line":109,"column":27},"end":{"line":114,"column":3}}},"10":{"name":"(anonymous_10)","decl":{"start":{"line":110,"column":30},"end":{"line":110,"column":34}},"loc":{"start":{"line":110,"column":37},"end":{"line":112,"column":5}}},"11":{"name":"(anonymous_11)","decl":{"start":{"line":119,"column":10},"end":{"line":119,"column":25}},"loc":{"start":{"line":119,"column":25},"end":{"line":121,"column":3}}},"12":{"name":"(anonymous_12)","decl":{"start":{"line":120,"column":27},"end":{"line":120,"column":35}},"loc":{"start":{"line":120,"column":39},"end":{"line":120,"column":53}}},"13":{"name":"(anonymous_13)","decl":{"start":{"line":127,"column":10},"end":{"line":127,"column":30}},"loc":{"start":{"line":127,"column":44},"end":{"line":129,"column":3}}},"14":{"name":"(anonymous_14)","decl":{"start":{"line":128,"column":38},"end":{"line":128,"column":46}},"loc":{"start":{"line":128,"column":50},"end":{"line":128,"column":68}}},"15":{"name":"(anonymous_15)","decl":{"start":{"line":134,"column":10},"end":{"line":134,"column":26}},"loc":{"start":{"line":134,"column":26},"end":{"line":140,"column":3}}},"16":{"name":"(anonymous_16)","decl":{"start":{"line":135,"column":28},"end":{"line":135,"column":32}},"loc":{"start":{"line":135,"column":35},"end":{"line":139,"column":5}}},"17":{"name":"(anonymous_17)","decl":{"start":{"line":146,"column":9},"end":{"line":146,"column":17}},"loc":{"start":{"line":146,"column":17},"end":{"line":148,"column":3}}},"18":{"name":"(anonymous_18)","decl":{"start":{"line":155,"column":9},"end":{"line":155,"column":23}},"loc":{"start":{"line":155,"column":51},"end":{"line":174,"column":3}}},"19":{"name":"(anonymous_19)","decl":{"start":{"line":181,"column":9},"end":{"line":181,"column":20}},"loc":{"start":{"line":181,"column":34},"end":{"line":185,"column":3}}},"20":{"name":"(anonymous_20)","decl":{"start":{"line":191,"column":9},"end":{"line":191,"column":17}},"loc":{"start":{"line":191,"column":17},"end":{"line":194,"column":3}}},"21":{"name":"(anonymous_21)","decl":{"start":{"line":200,"column":9},"end":{"line":200,"column":24}},"loc":{"start":{"line":200,"column":24},"end":{"line":202,"column":3}}},"22":{"name":"(anonymous_22)","decl":{"start":{"line":208,"column":9},"end":{"line":208,"column":22}},"loc":{"start":{"line":208,"column":22},"end":{"line":210,"column":3}}}},"branchMap":{"0":{"loc":{"start":{"line":165,"column":4},"end":{"line":167,"column":5}},"type":"if","locations":[{"start":{"line":165,"column":4},"end":{"line":167,"column":5}}]}},"s":{"0":2,"1":2,"2":2,"3":134,"4":134,"5":134,"6":134,"7":134,"8":134,"9":134,"10":134,"11":134,"12":134,"13":134,"14":134,"15":0,"16":0,"17":0,"18":0,"19":6,"20":6,"21":0,"22":0,"23":6,"24":0,"25":0,"26":0,"27":0,"28":1,"29":0,"30":1,"31":0,"32":0,"33":0,"34":0,"35":0,"36":16,"37":0,"38":0,"39":0,"40":0,"41":0,"42":0,"43":0,"44":0,"45":0,"46":0,"47":1,"48":1,"49":1,"50":90,"51":90,"52":0,"53":0,"54":2},"f":{"0":134,"1":0,"2":0,"3":0,"4":0,"5":6,"6":0,"7":6,"8":0,"9":0,"10":0,"11":1,"12":0,"13":1,"14":0,"15":0,"16":0,"17":16,"18":0,"19":1,"20":90,"21":0,"22":0},"b":{"0":[0]}}
,"C:\\Users\\ivann\\Team711-project\\implementation\\src\\model\\components\\CollaborationManager.ts": {"path":"C:\\Users\\ivann\\Team711-project\\implementation\\src\\model\\components\\CollaborationManager.ts","statementMap":{"0":{"start":{"line":2,"column":0},"end":{"line":2,"column":30}},"1":{"start":{"line":4,"column":0},"end":{"line":4,"column":62}},"2":{"start":{"line":5,"column":0},"end":{"line":5,"column":40}},"3":{"start":{"line":11,"column":12},"end":{"line":11,"column":null}},"4":{"start":{"line":12,"column":12},"end":{"line":12,"column":null}},"5":{"start":{"line":13,"column":12},"end":{"line":13,"column":null}},"6":{"start":{"line":21,"column":8},"end":{"line":21,"column":30}},"7":{"start":{"line":22,"column":8},"end":{"line":22,"column":42}},"8":{"start":{"line":23,"column":8},"end":{"line":23,"column":42}},"9":{"start":{"line":33,"column":26},"end":{"line":33,"column":74}},"10":{"start":{"line":34,"column":27},"end":{"line":34,"column":50}},"11":{"start":{"line":35,"column":41},"end":{"line":35,"column":71}},"12":{"start":{"line":36,"column":19},"end":{"line":36,"column":51}},"13":{"start":{"line":37,"column":8},"end":{"line":41,"column":9}},"14":{"start":{"line":38,"column":12},"end":{"line":38,"column":45}},"15":{"start":{"line":39,"column":32},"end":{"line":39,"column":56}},"16":{"start":{"line":40,"column":12},"end":{"line":40,"column":53}},"17":{"start":{"line":42,"column":8},"end":{"line":42,"column":20}},"18":{"start":{"line":51,"column":41},"end":{"line":51,"column":43}},"19":{"start":{"line":52,"column":36},"end":{"line":52,"column":38}},"20":{"start":{"line":53,"column":8},"end":{"line":64,"column":9}},"21":{"start":{"line":53,"column":21},"end":{"line":53,"column":22}},"22":{"start":{"line":54,"column":24},"end":{"line":54,"column":63}},"23":{"start":{"line":55,"column":24},"end":{"line":55,"column":63}},"24":{"start":{"line":56,"column":12},"end":{"line":63,"column":13}},"25":{"start":{"line":57,"column":16},"end":{"line":57,"column":48}},"26":{"start":{"line":58,"column":16},"end":{"line":58,"column":25}},"27":{"start":{"line":60,"column":16},"end":{"line":62,"column":17}},"28":{"start":{"line":61,"column":20},"end":{"line":61,"column":83}},"29":{"start":{"line":65,"column":8},"end":{"line":65,"column":33}},"30":{"start":{"line":66,"column":8},"end":{"line":66,"column":25}},"31":{"start":{"line":75,"column":25},"end":{"line":75,"column":48}},"32":{"start":{"line":76,"column":8},"end":{"line":78,"column":9}},"33":{"start":{"line":76,"column":21},"end":{"line":76,"column":22}},"34":{"start":{"line":77,"column":12},"end":{"line":77,"column":69}},"35":{"start":{"line":87,"column":38},"end":{"line":87,"column":59}},"36":{"start":{"line":88,"column":29},"end":{"line":88,"column":30}},"37":{"start":{"line":89,"column":29},"end":{"line":89,"column":30}},"38":{"start":{"line":90,"column":8},"end":{"line":99,"column":9}},"39":{"start":{"line":90,"column":21},"end":{"line":90,"column":22}},"40":{"start":{"line":91,"column":12},"end":{"line":95,"column":13}},"41":{"start":{"line":92,"column":16},"end":{"line":92,"column":74}},"42":{"start":{"line":94,"column":16},"end":{"line":94,"column":74}},"43":{"start":{"line":96,"column":36},"end":{"line":96,"column":83}},"44":{"start":{"line":97,"column":12},"end":{"line":97,"column":77}},"45":{"start":{"line":98,"column":12},"end":{"line":98,"column":55}},"46":{"start":{"line":101,"column":8},"end":{"line":107,"column":9}},"47":{"start":{"line":101,"column":21},"end":{"line":101,"column":22}},"48":{"start":{"line":102,"column":12},"end":{"line":106,"column":13}},"49":{"start":{"line":102,"column":25},"end":{"line":102,"column":26}},"50":{"start":{"line":103,"column":16},"end":{"line":105,"column":17}},"51":{"start":{"line":104,"column":20},"end":{"line":104,"column":93}},"52":{"start":{"line":108,"column":8},"end":{"line":108,"column":20}},"53":{"start":{"line":10,"column":0},"end":{"line":10,"column":13}}},"fnMap":{"0":{"name":"(anonymous_0)","decl":{"start":{"line":20,"column":4},"end":{"line":20,"column":23}},"loc":{"start":{"line":20,"column":65},"end":{"line":24,"column":5}}},"1":{"name":"(anonymous_1)","decl":{"start":{"line":32,"column":4},"end":{"line":32,"column":9}},"loc":{"start":{"line":32,"column":47},"end":{"line":43,"column":5}}},"2":{"name":"(anonymous_2)","decl":{"start":{"line":50,"column":12},"end":{"line":50,"column":25}},"loc":{"start":{"line":50,"column":46},"end":{"line":67,"column":5}}},"3":{"name":"(anonymous_3)","decl":{"start":{"line":74,"column":12},"end":{"line":74,"column":28}},"loc":{"start":{"line":74,"column":84},"end":{"line":79,"column":5}}},"4":{"name":"(anonymous_4)","decl":{"start":{"line":86,"column":12},"end":{"line":86,"column":27}},"loc":{"start":{"line":86,"column":48},"end":{"line":109,"column":5}}}},"branchMap":{"0":{"loc":{"start":{"line":37,"column":8},"end":{"line":41,"column":9}},"type":"if","locations":[{"start":{"line":37,"column":8},"end":{"line":41,"column":9}}]},"1":{"loc":{"start":{"line":54,"column":24},"end":{"line":54,"column":63}},"type":"binary-expr","locations":[{"start":{"line":54,"column":24},"end":{"line":54,"column":55}},{"start":{"line":54,"column":59},"end":{"line":54,"column":63}}]},"2":{"loc":{"start":{"line":55,"column":24},"end":{"line":55,"column":63}},"type":"binary-expr","locations":[{"start":{"line":55,"column":24},"end":{"line":55,"column":55}},{"start":{"line":55,"column":59},"end":{"line":55,"column":63}}]},"3":{"loc":{"start":{"line":56,"column":12},"end":{"line":63,"column":13}},"type":"if","locations":[{"start":{"line":56,"column":12},"end":{"line":63,"column":13}},{"start":{"line":59,"column":19},"end":{"line":63,"column":13}}]},"4":{"loc":{"start":{"line":56,"column":16},"end":{"line":56,"column":48}},"type":"binary-expr","locations":[{"start":{"line":56,"column":16},"end":{"line":56,"column":30}},{"start":{"line":56,"column":34},"end":{"line":56,"column":48}}]},"5":{"loc":{"start":{"line":60,"column":16},"end":{"line":62,"column":17}},"type":"if","locations":[{"start":{"line":60,"column":16},"end":{"line":62,"column":17}}]},"6":{"loc":{"start":{"line":91,"column":12},"end":{"line":95,"column":13}},"type":"if","locations":[{"start":{"line":91,"column":12},"end":{"line":95,"column":13}},{"start":{"line":93,"column":19},"end":{"line":95,"column":13}}]},"7":{"loc":{"start":{"line":96,"column":36},"end":{"line":96,"column":83}},"type":"binary-expr","locations":[{"start":{"line":96,"column":36},"end":{"line":96,"column":77}},{"start":{"line":96,"column":81},"end":{"line":96,"column":83}}]},"8":{"loc":{"start":{"line":103,"column":16},"end":{"line":105,"column":17}},"type":"if","locations":[{"start":{"line":103,"column":16},"end":{"line":105,"column":17}}]}},"s":{"0":2,"1":2,"2":2,"3":0,"4":0,"5":0,"6":0,"7":0,"8":0,"9":0,"10":0,"11":0,"12":0,"13":0,"14":0,"15":0,"16":0,"17":0,"18":0,"19":0,"20":0,"21":0,"22":0,"23":0,"24":0,"25":0,"26":0,"27":0,"28":0,"29":0,"30":0,"31":0,"32":0,"33":0,"34":0,"35":0,"36":0,"37":0,"38":0,"39":0,"40":0,"41":0,"42":0,"43":0,"44":0,"45":0,"46":0,"47":0,"48":0,"49":0,"50":0,"51":0,"52":0,"53":2},"f":{"0":0,"1":0,"2":0,"3":0,"4":0},"b":{"0":[0],"1":[0,0],"2":[0,0],"3":[0,0],"4":[0,0],"5":[0],"6":[0,0],"7":[0,0],"8":[0]}}
,"C:\\Users\\ivann\\Team711-project\\implementation\\src\\model\\components\\SpreadSheet.ts": {"path":"C:\\Users\\ivann\\Team711-project\\implementation\\src\\model\\components\\SpreadSheet.ts","statementMap":{"0":{"start":{"line":2,"column":0},"end":{"line":2,"column":39}},"1":{"start":{"line":3,"column":0},"end":{"line":3,"column":78}},"2":{"start":{"line":4,"column":0},"end":{"line":4,"column":62}},"3":{"start":{"line":5,"column":0},"end":{"line":5,"column":40}},"4":{"start":{"line":12,"column":10},"end":{"line":12,"column":null}},"5":{"start":{"line":13,"column":10},"end":{"line":13,"column":null}},"6":{"start":{"line":20,"column":4},"end":{"line":20,"column":21}},"7":{"start":{"line":21,"column":4},"end":{"line":21,"column":48}},"8":{"start":{"line":30,"column":17},"end":{"line":30,"column":39}},"9":{"start":{"line":31,"column":4},"end":{"line":33,"column":5}},"10":{"start":{"line":32,"column":6},"end":{"line":32,"column":53}},"11":{"start":{"line":34,"column":4},"end":{"line":34,"column":16}},"12":{"start":{"line":38,"column":16},"end":{"line":38,"column":25}},"13":{"start":{"line":39,"column":4},"end":{"line":39,"column":15}},"14":{"start":{"line":48,"column":4},"end":{"line":48,"column":45}},"15":{"start":{"line":49,"column":19},"end":{"line":49,"column":47}},"16":{"start":{"line":50,"column":25},"end":{"line":50,"column":27}},"17":{"start":{"line":51,"column":33},"end":{"line":51,"column":54}},"18":{"start":{"line":52,"column":4},"end":{"line":62,"column":5}},"19":{"start":{"line":52,"column":17},"end":{"line":52,"column":18}},"20":{"start":{"line":53,"column":30},"end":{"line":53,"column":73}},"21":{"start":{"line":54,"column":6},"end":{"line":61,"column":7}},"22":{"start":{"line":55,"column":8},"end":{"line":57,"column":9}},"23":{"start":{"line":56,"column":10},"end":{"line":56,"column":31}},"24":{"start":{"line":58,"column":8},"end":{"line":58,"column":76}},"25":{"start":{"line":60,"column":8},"end":{"line":60,"column":54}},"26":{"start":{"line":63,"column":4},"end":{"line":65,"column":5}},"27":{"start":{"line":63,"column":17},"end":{"line":63,"column":18}},"28":{"start":{"line":64,"column":6},"end":{"line":64,"column":58}},"29":{"start":{"line":66,"column":4},"end":{"line":66,"column":20}},"30":{"start":{"line":75,"column":4},"end":{"line":75,"column":46}},"31":{"start":{"line":76,"column":19},"end":{"line":76,"column":47}},"32":{"start":{"line":77,"column":33},"end":{"line":77,"column":54}},"33":{"start":{"line":78,"column":4},"end":{"line":85,"column":5}},"34":{"start":{"line":78,"column":17},"end":{"line":78,"column":18}},"35":{"start":{"line":79,"column":30},"end":{"line":79,"column":73}},"36":{"start":{"line":80,"column":6},"end":{"line":84,"column":7}},"37":{"start":{"line":81,"column":8},"end":{"line":81,"column":76}},"38":{"start":{"line":83,"column":8},"end":{"line":83,"column":54}},"39":{"start":{"line":86,"column":4},"end":{"line":86,"column":20}},"40":{"start":{"line":95,"column":4},"end":{"line":95,"column":45}},"41":{"start":{"line":96,"column":19},"end":{"line":96,"column":47}},"42":{"start":{"line":97,"column":25},"end":{"line":97,"column":27}},"43":{"start":{"line":98,"column":33},"end":{"line":98,"column":54}},"44":{"start":{"line":99,"column":4},"end":{"line":110,"column":5}},"45":{"start":{"line":99,"column":17},"end":{"line":99,"column":18}},"46":{"start":{"line":100,"column":30},"end":{"line":100,"column":73}},"47":{"start":{"line":101,"column":6},"end":{"line":109,"column":7}},"48":{"start":{"line":102,"column":8},"end":{"line":104,"column":9}},"49":{"start":{"line":103,"column":10},"end":{"line":103,"column":31}},"50":{"start":{"line":105,"column":8},"end":{"line":106,"column":42}},"51":{"start":{"line":108,"column":8},"end":{"line":108,"column":54}},"52":{"start":{"line":111,"column":4},"end":{"line":113,"column":5}},"53":{"start":{"line":111,"column":17},"end":{"line":111,"column":18}},"54":{"start":{"line":112,"column":6},"end":{"line":112,"column":58}},"55":{"start":{"line":114,"column":4},"end":{"line":114,"column":20}},"56":{"start":{"line":123,"column":4},"end":{"line":123,"column":46}},"57":{"start":{"line":124,"column":19},"end":{"line":124,"column":47}},"58":{"start":{"line":125,"column":33},"end":{"line":125,"column":54}},"59":{"start":{"line":126,"column":4},"end":{"line":134,"column":5}},"60":{"start":{"line":126,"column":17},"end":{"line":126,"column":18}},"61":{"start":{"line":127,"column":30},"end":{"line":127,"column":73}},"62":{"start":{"line":128,"column":6},"end":{"line":133,"column":7}},"63":{"start":{"line":129,"column":8},"end":{"line":130,"column":42}},"64":{"start":{"line":132,"column":8},"end":{"line":132,"column":54}},"65":{"start":{"line":135,"column":4},"end":{"line":135,"column":20}},"66":{"start":{"line":144,"column":4},"end":{"line":144,"column":51}},"67":{"start":{"line":151,"column":17},"end":{"line":151,"column":45}},"68":{"start":{"line":152,"column":4},"end":{"line":154,"column":5}},"69":{"start":{"line":152,"column":17},"end":{"line":152,"column":18}},"70":{"start":{"line":153,"column":6},"end":{"line":153,"column":41}},"71":{"start":{"line":166,"column":19},"end":{"line":166,"column":47}},"72":{"start":{"line":167,"column":21},"end":{"line":167,"column":45}},"73":{"start":{"line":168,"column":4},"end":{"line":187,"column":5}},"74":{"start":{"line":168,"column":17},"end":{"line":168,"column":18}},"75":{"start":{"line":169,"column":25},"end":{"line":169,"column":61}},"76":{"start":{"line":170,"column":6},"end":{"line":183,"column":9}},"77":{"start":{"line":171,"column":23},"end":{"line":171,"column":54}},"78":{"start":{"line":172,"column":20},"end":{"line":172,"column":55}},"79":{"start":{"line":173,"column":8},"end":{"line":181,"column":9}},"80":{"start":{"line":174,"column":10},"end":{"line":176,"column":11}},"81":{"start":{"line":175,"column":12},"end":{"line":175,"column":46}},"82":{"start":{"line":178,"column":10},"end":{"line":180,"column":11}},"83":{"start":{"line":179,"column":12},"end":{"line":179,"column":75}},"84":{"start":{"line":182,"column":8},"end":{"line":182,"column":21}},"85":{"start":{"line":184,"column":6},"end":{"line":186,"column":7}},"86":{"start":{"line":185,"column":8},"end":{"line":185,"column":61}},"87":{"start":{"line":197,"column":18},"end":{"line":197,"column":46}},"88":{"start":{"line":198,"column":28},"end":{"line":198,"column":68}},"89":{"start":{"line":199,"column":4},"end":{"line":201,"column":5}},"90":{"start":{"line":199,"column":17},"end":{"line":199,"column":18}},"91":{"start":{"line":200,"column":6},"end":{"line":200,"column":34}},"92":{"start":{"line":202,"column":4},"end":{"line":204,"column":5}},"93":{"start":{"line":202,"column":17},"end":{"line":202,"column":18}},"94":{"start":{"line":203,"column":6},"end":{"line":203,"column":31}},"95":{"start":{"line":205,"column":20},"end":{"line":205,"column":84}},"96":{"start":{"line":206,"column":4},"end":{"line":206,"column":24}},"97":{"start":{"line":207,"column":4},"end":{"line":207,"column":23}},"98":{"start":{"line":11,"column":0},"end":{"line":11,"column":13}}},"fnMap":{"0":{"name":"(anonymous_0)","decl":{"start":{"line":19,"column":2},"end":{"line":19,"column":21}},"loc":{"start":{"line":19,"column":44},"end":{"line":22,"column":3}}},"1":{"name":"(anonymous_1)","decl":{"start":{"line":29,"column":9},"end":{"line":29,"column":16}},"loc":{"start":{"line":29,"column":32},"end":{"line":35,"column":3}}},"2":{"name":"(anonymous_2)","decl":{"start":{"line":37,"column":9},"end":{"line":37,"column":17}},"loc":{"start":{"line":37,"column":17},"end":{"line":40,"column":3}}},"3":{"name":"(anonymous_3)","decl":{"start":{"line":47,"column":9},"end":{"line":47,"column":18}},"loc":{"start":{"line":47,"column":44},"end":{"line":67,"column":3}}},"4":{"name":"(anonymous_4)","decl":{"start":{"line":74,"column":9},"end":{"line":74,"column":18}},"loc":{"start":{"line":74,"column":44},"end":{"line":87,"column":3}}},"5":{"name":"(anonymous_5)","decl":{"start":{"line":94,"column":9},"end":{"line":94,"column":21}},"loc":{"start":{"line":94,"column":47},"end":{"line":115,"column":3}}},"6":{"name":"(anonymous_6)","decl":{"start":{"line":122,"column":9},"end":{"line":122,"column":21}},"loc":{"start":{"line":122,"column":47},"end":{"line":136,"column":3}}},"7":{"name":"(anonymous_7)","decl":{"start":{"line":143,"column":9},"end":{"line":143,"column":18}},"loc":{"start":{"line":143,"column":46},"end":{"line":145,"column":3}}},"8":{"name":"(anonymous_8)","decl":{"start":{"line":150,"column":9},"end":{"line":150,"column":20}},"loc":{"start":{"line":150,"column":20},"end":{"line":155,"column":3}}},"9":{"name":"(anonymous_9)","decl":{"start":{"line":165,"column":10},"end":{"line":165,"column":26}},"loc":{"start":{"line":165,"column":74},"end":{"line":188,"column":3}}},"10":{"name":"(anonymous_10)","decl":{"start":{"line":170,"column":29},"end":{"line":170,"column":30}},"loc":{"start":{"line":170,"column":50},"end":{"line":183,"column":7}}},"11":{"name":"(anonymous_11)","decl":{"start":{"line":196,"column":2},"end":{"line":196,"column":7}},"loc":{"start":{"line":196,"column":64},"end":{"line":208,"column":3}}}},"branchMap":{"0":{"loc":{"start":{"line":31,"column":4},"end":{"line":33,"column":5}},"type":"if","locations":[{"start":{"line":31,"column":4},"end":{"line":33,"column":5}}]},"1":{"loc":{"start":{"line":53,"column":30},"end":{"line":53,"column":73}},"type":"binary-expr","locations":[{"start":{"line":53,"column":30},"end":{"line":53,"column":67}},{"start":{"line":53,"column":71},"end":{"line":53,"column":73}}]},"2":{"loc":{"start":{"line":54,"column":6},"end":{"line":61,"column":7}},"type":"if","locations":[{"start":{"line":54,"column":6},"end":{"line":61,"column":7}},{"start":{"line":59,"column":13},"end":{"line":61,"column":7}}]},"3":{"loc":{"start":{"line":55,"column":8},"end":{"line":57,"column":9}},"type":"if","locations":[{"start":{"line":55,"column":8},"end":{"line":57,"column":9}}]},"4":{"loc":{"start":{"line":79,"column":30},"end":{"line":79,"column":73}},"type":"binary-expr","locations":[{"start":{"line":79,"column":30},"end":{"line":79,"column":67}},{"start":{"line":79,"column":71},"end":{"line":79,"column":73}}]},"5":{"loc":{"start":{"line":80,"column":6},"end":{"line":84,"column":7}},"type":"if","locations":[{"start":{"line":80,"column":6},"end":{"line":84,"column":7}},{"start":{"line":82,"column":13},"end":{"line":84,"column":7}}]},"6":{"loc":{"start":{"line":100,"column":30},"end":{"line":100,"column":73}},"type":"binary-expr","locations":[{"start":{"line":100,"column":30},"end":{"line":100,"column":67}},{"start":{"line":100,"column":71},"end":{"line":100,"column":73}}]},"7":{"loc":{"start":{"line":101,"column":6},"end":{"line":109,"column":7}},"type":"if","locations":[{"start":{"line":101,"column":6},"end":{"line":109,"column":7}},{"start":{"line":107,"column":13},"end":{"line":109,"column":7}}]},"8":{"loc":{"start":{"line":102,"column":8},"end":{"line":104,"column":9}},"type":"if","locations":[{"start":{"line":102,"column":8},"end":{"line":104,"column":9}}]},"9":{"loc":{"start":{"line":127,"column":30},"end":{"line":127,"column":73}},"type":"binary-expr","locations":[{"start":{"line":127,"column":30},"end":{"line":127,"column":67}},{"start":{"line":127,"column":71},"end":{"line":127,"column":73}}]},"10":{"loc":{"start":{"line":128,"column":6},"end":{"line":133,"column":7}},"type":"if","locations":[{"start":{"line":128,"column":6},"end":{"line":133,"column":7}},{"start":{"line":131,"column":13},"end":{"line":133,"column":7}}]},"11":{"loc":{"start":{"line":173,"column":8},"end":{"line":181,"column":9}},"type":"if","locations":[{"start":{"line":173,"column":8},"end":{"line":181,"column":9}},{"start":{"line":177,"column":15},"end":{"line":181,"column":9}}]},"12":{"loc":{"start":{"line":174,"column":10},"end":{"line":176,"column":11}},"type":"if","locations":[{"start":{"line":174,"column":10},"end":{"line":176,"column":11}}]},"13":{"loc":{"start":{"line":178,"column":10},"end":{"line":180,"column":11}},"type":"if","locations":[{"start":{"line":178,"column":10},"end":{"line":180,"column":11}}]},"14":{"loc":{"start":{"line":184,"column":6},"end":{"line":186,"column":7}},"type":"if","locations":[{"start":{"line":184,"column":6},"end":{"line":186,"column":7}}]}},"s":{"0":2,"1":2,"2":2,"3":2,"4":96,"5":96,"6":96,"7":96,"8":8,"9":8,"10":2,"11":6,"12":0,"13":0,"14":0,"15":0,"16":0,"17":0,"18":0,"19":0,"20":0,"21":0,"22":0,"23":0,"24":0,"25":0,"26":0,"27":0,"28":0,"29":0,"30":0,"31":0,"32":0,"33":0,"34":0,"35":0,"36":0,"37":0,"38":0,"39":0,"40":0,"41":0,"42":0,"43":0,"44":0,"45":0,"46":0,"47":0,"48":0,"49":0,"50":0,"51":0,"52":0,"53":0,"54":0,"55":0,"56":0,"57":0,"58":0,"59":0,"60":0,"61":0,"62":0,"63":0,"64":0,"65":0,"66":0,"67":0,"68":0,"69":0,"70":0,"71":0,"72":0,"73":0,"74":0,"75":0,"76":0,"77":0,"78":0,"79":0,"80":0,"81":0,"82":0,"83":0,"84":0,"85":0,"86":0,"87":0,"88":0,"89":0,"90":0,"91":0,"92":0,"93":0,"94":0,"95":0,"96":0,"97":0,"98":2},"f":{"0":96,"1":8,"2":0,"3":0,"4":0,"5":0,"6":0,"7":0,"8":0,"9":0,"10":0,"11":0},"b":{"0":[2],"1":[0,0],"2":[0,0],"3":[0],"4":[0,0],"5":[0,0],"6":[0,0],"7":[0,0],"8":[0],"9":[0,0],"10":[0,0],"11":[0,0],"12":[0],"13":[0],"14":[0]}}
,"C:\\Users\\ivann\\Team711-project\\implementation\\src\\model\\conflicts\\MergeConflict.ts": {"path":"C:\\Users\\ivann\\Team711-project\\implementation\\src\\model\\conflicts\\MergeConflict.ts","statementMap":{"0":{"start":{"line":7,"column":12},"end":{"line":7,"column":null}},"1":{"start":{"line":8,"column":12},"end":{"line":8,"column":null}},"2":{"start":{"line":9,"column":12},"end":{"line":9,"column":null}},"3":{"start":{"line":18,"column":8},"end":{"line":18,"column":29}},"4":{"start":{"line":19,"column":8},"end":{"line":19,"column":29}},"5":{"start":{"line":20,"column":8},"end":{"line":20,"column":29}},"6":{"start":{"line":28,"column":8},"end":{"line":28,"column":27}},"7":{"start":{"line":38,"column":8},"end":{"line":42,"column":9}},"8":{"start":{"line":39,"column":12},"end":{"line":39,"column":31}},"9":{"start":{"line":41,"column":12},"end":{"line":41,"column":null}},"10":{"start":{"line":6,"column":0},"end":{"line":6,"column":13}}},"fnMap":{"0":{"name":"(anonymous_0)","decl":{"start":{"line":17,"column":4},"end":{"line":17,"column":23}},"loc":{"start":{"line":17,"column":65},"end":{"line":21,"column":5}}},"1":{"name":"(anonymous_1)","decl":{"start":{"line":27,"column":11},"end":{"line":27,"column":18}},"loc":{"start":{"line":27,"column":18},"end":{"line":29,"column":5}}},"2":{"name":"(anonymous_2)","decl":{"start":{"line":37,"column":11},"end":{"line":37,"column":14}},"loc":{"start":{"line":37,"column":29},"end":{"line":43,"column":5}}}},"branchMap":{"0":{"loc":{"start":{"line":38,"column":8},"end":{"line":42,"column":9}},"type":"if","locations":[{"start":{"line":38,"column":8},"end":{"line":42,"column":9}},{"start":{"line":40,"column":15},"end":{"line":42,"column":9}}]}},"s":{"0":0,"1":0,"2":0,"3":0,"4":0,"5":0,"6":0,"7":0,"8":0,"9":0,"10":2},"f":{"0":0,"1":0,"2":0},"b":{"0":[0,0]}}
,"C:\\Users\\ivann\\Team711-project\\implementation\\src\\model\\conflicts\\MergeConflictResolver.ts": {"path":"C:\\Users\\ivann\\Team711-project\\implementation\\src\\model\\conflicts\\MergeConflictResolver.ts","statementMap":{"0":{"start":{"line":39,"column":10},"end":{"line":39,"column":null}},"1":{"start":{"line":40,"column":10},"end":{"line":40,"column":null}},"2":{"start":{"line":46,"column":6},"end":{"line":46,"column":26}},"3":{"start":{"line":54,"column":6},"end":{"line":54,"column":33}},"4":{"start":{"line":62,"column":6},"end":{"line":62,"column":39}},"5":{"start":{"line":73,"column":26},"end":{"line":82,"column":null}},"6":{"start":{"line":74,"column":10},"end":{"line":82,"column":12}},"7":{"start":{"line":75,"column":14},"end":{"line":77,"column":15}},"8":{"start":{"line":76,"column":18},"end":{"line":76,"column":73}},"9":{"start":{"line":79,"column":14},"end":{"line":81,"column":17}},"10":{"start":{"line":80,"column":18},"end":{"line":80,"column":76}},"11":{"start":{"line":85,"column":25},"end":{"line":85,"column":55}},"12":{"start":{"line":86,"column":6},"end":{"line":86,"column":33}},"13":{"start":{"line":38,"column":0},"end":{"line":38,"column":13}}},"fnMap":{"0":{"name":"(anonymous_0)","decl":{"start":{"line":45,"column":2},"end":{"line":45,"column":null}},"loc":{"start":{"line":45,"column":2},"end":{"line":47,"column":3}}},"1":{"name":"(anonymous_1)","decl":{"start":{"line":53,"column":9},"end":{"line":53,"column":21}},"loc":{"start":{"line":53,"column":48},"end":{"line":55,"column":3}}},"2":{"name":"(anonymous_2)","decl":{"start":{"line":61,"column":9},"end":{"line":61,"column":19}},"loc":{"start":{"line":61,"column":98},"end":{"line":63,"column":3}}},"3":{"name":"(anonymous_3)","decl":{"start":{"line":72,"column":2},"end":{"line":72,"column":7}},"loc":{"start":{"line":72,"column":15},"end":{"line":87,"column":3}}},"4":{"name":"(anonymous_4)","decl":{"start":{"line":73,"column":45},"end":{"line":73,"column":53}},"loc":{"start":{"line":74,"column":10},"end":{"line":82,"column":12}}},"5":{"name":"(anonymous_5)","decl":{"start":{"line":74,"column":38},"end":{"line":74,"column":39}},"loc":{"start":{"line":74,"column":57},"end":{"line":82,"column":11}}},"6":{"name":"(anonymous_6)","decl":{"start":{"line":79,"column":46},"end":{"line":79,"column":47}},"loc":{"start":{"line":79,"column":65},"end":{"line":81,"column":15}}}},"branchMap":{"0":{"loc":{"start":{"line":75,"column":14},"end":{"line":77,"column":15}},"type":"if","locations":[{"start":{"line":75,"column":14},"end":{"line":77,"column":15}}]}},"s":{"0":96,"1":96,"2":96,"3":0,"4":0,"5":0,"6":0,"7":0,"8":0,"9":0,"10":0,"11":0,"12":0,"13":2},"f":{"0":96,"1":0,"2":0,"3":0,"4":0,"5":0,"6":0},"b":{"0":[0]}}
,"C:\\Users\\ivann\\Team711-project\\implementation\\src\\model\\enums\\Operator.ts": {"path":"C:\\Users\\ivann\\Team711-project\\implementation\\src\\model\\enums\\Operator.ts","statementMap":{"0":{"start":{"line":4,"column":0},"end":{"line":4,"column":null}},"1":{"start":{"line":5,"column":2},"end":{"line":5,"column":null}},"2":{"start":{"line":6,"column":2},"end":{"line":6,"column":null}},"3":{"start":{"line":7,"column":2},"end":{"line":7,"column":null}},"4":{"start":{"line":8,"column":2},"end":{"line":8,"column":null}},"5":{"start":{"line":9,"column":2},"end":{"line":9,"column":null}}},"fnMap":{"0":{"name":"(anonymous_0)","decl":{"start":{"line":4,"column":0},"end":{"line":4,"column":12}},"loc":{"start":{"line":4,"column":20},"end":{"line":10,"column":1}}}},"branchMap":{"0":{"loc":{"start":{"line":4,"column":12},"end":{"line":4,"column":null}},"type":"binary-expr","locations":[{"start":{"line":4,"column":12},"end":{"line":4,"column":20}},{"start":{"line":4,"column":20},"end":{"line":4,"column":null}}]}},"s":{"0":2,"1":2,"2":2,"3":2,"4":2,"5":2},"f":{"0":2},"b":{"0":[2,2]}}
,"C:\\Users\\ivann\\Team711-project\\implementation\\src\\model\\errors\\AError.ts": {"path":"C:\\Users\\ivann\\Team711-project\\implementation\\src\\model\\errors\\AError.ts","statementMap":{"0":{"start":{"line":10,"column":4},"end":{"line":10,"column":16}},"1":{"start":{"line":14,"column":4},"end":{"line":14,"column":19}},"2":{"start":{"line":7,"column":0},"end":{"line":7,"column":22}}},"fnMap":{"0":{"name":"(anonymous_0)","decl":{"start":{"line":9,"column":9},"end":{"line":9,"column":17}},"loc":{"start":{"line":9,"column":17},"end":{"line":11,"column":3}}},"1":{"name":"(anonymous_1)","decl":{"start":{"line":13,"column":9},"end":{"line":13,"column":16}},"loc":{"start":{"line":13,"column":16},"end":{"line":15,"column":3}}}},"branchMap":{},"s":{"0":13,"1":0,"2":2},"f":{"0":13,"1":0},"b":{}}
,"C:\\Users\\ivann\\Team711-project\\implementation\\src\\model\\errors\\IllegalOperands.ts": {"path":"C:\\Users\\ivann\\Team711-project\\implementation\\src\\model\\errors\\IllegalOperands.ts","statementMap":{"0":{"start":{"line":1,"column":0},"end":{"line":1,"column":42}},"1":{"start":{"line":9,"column":4},"end":{"line":9,"column":30}},"2":{"start":{"line":6,"column":0},"end":{"line":6,"column":13}}},"fnMap":{"0":{"name":"(anonymous_0)","decl":{"start":{"line":8,"column":9},"end":{"line":8,"column":16}},"loc":{"start":{"line":8,"column":16},"end":{"line":10,"column":3}}}},"branchMap":{},"s":{"0":2,"1":0,"2":2},"f":{"0":0},"b":{}}
,"C:\\Users\\ivann\\Team711-project\\implementation\\src\\model\\errors\\InvalidExpression.ts": {"path":"C:\\Users\\ivann\\Team711-project\\implementation\\src\\model\\errors\\InvalidExpression.ts","statementMap":{"0":{"start":{"line":1,"column":0},"end":{"line":1,"column":42}},"1":{"start":{"line":9,"column":4},"end":{"line":9,"column":32}},"2":{"start":{"line":6,"column":0},"end":{"line":6,"column":13}}},"fnMap":{"0":{"name":"(anonymous_0)","decl":{"start":{"line":8,"column":9},"end":{"line":8,"column":16}},"loc":{"start":{"line":8,"column":16},"end":{"line":10,"column":3}}}},"branchMap":{},"s":{"0":2,"1":0,"2":2},"f":{"0":0},"b":{}}
,"C:\\Users\\ivann\\Team711-project\\implementation\\src\\model\\errors\\InvalidRange.ts": {"path":"C:\\Users\\ivann\\Team711-project\\implementation\\src\\model\\errors\\InvalidRange.ts","statementMap":{"0":{"start":{"line":1,"column":0},"end":{"line":1,"column":42}},"1":{"start":{"line":10,"column":4},"end":{"line":10,"column":27}},"2":{"start":{"line":7,"column":0},"end":{"line":7,"column":13}}},"fnMap":{"0":{"name":"(anonymous_0)","decl":{"start":{"line":9,"column":9},"end":{"line":9,"column":16}},"loc":{"start":{"line":9,"column":16},"end":{"line":11,"column":3}}}},"branchMap":{},"s":{"0":2,"1":0,"2":2},"f":{"0":0},"b":{}}
,"C:\\Users\\ivann\\Team711-project\\implementation\\src\\model\\errors\\MixedValues.ts": {"path":"C:\\Users\\ivann\\Team711-project\\implementation\\src\\model\\errors\\MixedValues.ts","statementMap":{"0":{"start":{"line":1,"column":0},"end":{"line":1,"column":34}},"1":{"start":{"line":9,"column":4},"end":{"line":9,"column":26}},"2":{"start":{"line":6,"column":0},"end":{"line":6,"column":13}}},"fnMap":{"0":{"name":"(anonymous_0)","decl":{"start":{"line":8,"column":9},"end":{"line":8,"column":16}},"loc":{"start":{"line":8,"column":16},"end":{"line":10,"column":3}}}},"branchMap":{},"s":{"0":2,"1":0,"2":2},"f":{"0":0},"b":{}}
,"C:\\Users\\ivann\\Team711-project\\implementation\\src\\model\\errors\\NullOperand.ts": {"path":"C:\\Users\\ivann\\Team711-project\\implementation\\src\\model\\errors\\NullOperand.ts","statementMap":{"0":{"start":{"line":1,"column":0},"end":{"line":1,"column":42}},"1":{"start":{"line":9,"column":4},"end":{"line":9,"column":29}},"2":{"start":{"line":6,"column":0},"end":{"line":6,"column":13}}},"fnMap":{"0":{"name":"(anonymous_0)","decl":{"start":{"line":8,"column":9},"end":{"line":8,"column":16}},"loc":{"start":{"line":8,"column":16},"end":{"line":10,"column":3}}}},"branchMap":{},"s":{"0":2,"1":0,"2":2},"f":{"0":0},"b":{}}
,"C:\\Users\\ivann\\Team711-project\\implementation\\src\\model\\errors\\WrongParentheses.ts": {"path":"C:\\Users\\ivann\\Team711-project\\implementation\\src\\model\\errors\\WrongParentheses.ts","statementMap":{"0":{"start":{"line":1,"column":0},"end":{"line":1,"column":42}},"1":{"start":{"line":8,"column":4},"end":{"line":8,"column":40}},"2":{"start":{"line":6,"column":0},"end":{"line":6,"column":13}}},"fnMap":{"0":{"name":"(anonymous_0)","decl":{"start":{"line":7,"column":9},"end":{"line":7,"column":16}},"loc":{"start":{"line":7,"column":16},"end":{"line":9,"column":3}}}},"branchMap":{},"s":{"0":2,"1":0,"2":2},"f":{"0":0},"b":{}}
,"C:\\Users\\ivann\\Team711-project\\implementation\\src\\model\\expressions\\EmptyExpression.ts": {"path":"C:\\Users\\ivann\\Team711-project\\implementation\\src\\model\\expressions\\EmptyExpression.ts","statementMap":{"0":{"start":{"line":9,"column":4},"end":{"line":9,"column":16}},"1":{"start":{"line":13,"column":4},"end":{"line":13,"column":14}},"2":{"start":{"line":6,"column":0},"end":{"line":6,"column":13}}},"fnMap":{"0":{"name":"(anonymous_0)","decl":{"start":{"line":8,"column":9},"end":{"line":8,"column":17}},"loc":{"start":{"line":8,"column":17},"end":{"line":10,"column":3}}},"1":{"name":"(anonymous_1)","decl":{"start":{"line":12,"column":9},"end":{"line":12,"column":16}},"loc":{"start":{"line":12,"column":16},"end":{"line":14,"column":3}}}},"branchMap":{},"s":{"0":3,"1":0,"2":2},"f":{"0":3,"1":0},"b":{}}
,"C:\\Users\\ivann\\Team711-project\\implementation\\src\\model\\expressions\\FormulaExpression.ts": {"path":"C:\\Users\\ivann\\Team711-project\\implementation\\src\\model\\expressions\\FormulaExpression.ts","statementMap":{"0":{"start":{"line":2,"column":0},"end":{"line":2,"column":45}},"1":{"start":{"line":4,"column":0},"end":{"line":4,"column":55}},"2":{"start":{"line":5,"column":0},"end":{"line":5,"column":63}},"3":{"start":{"line":11,"column":10},"end":{"line":11,"column":null}},"4":{"start":{"line":12,"column":10},"end":{"line":12,"column":null}},"5":{"start":{"line":13,"column":10},"end":{"line":13,"column":null}},"6":{"start":{"line":14,"column":10},"end":{"line":14,"column":null}},"7":{"start":{"line":24,"column":4},"end":{"line":24,"column":29}},"8":{"start":{"line":25,"column":4},"end":{"line":25,"column":21}},"9":{"start":{"line":26,"column":4},"end":{"line":26,"column":23}},"10":{"start":{"line":27,"column":4},"end":{"line":27,"column":21}},"11":{"start":{"line":31,"column":4},"end":{"line":33,"column":5}},"12":{"start":{"line":32,"column":6},"end":{"line":32,"column":47}},"13":{"start":{"line":34,"column":24},"end":{"line":34,"column":47}},"14":{"start":{"line":35,"column":4},"end":{"line":68,"column":5}},"15":{"start":{"line":37,"column":8},"end":{"line":42,"column":9}},"16":{"start":{"line":38,"column":10},"end":{"line":38,"column":53}},"17":{"start":{"line":39,"column":10},"end":{"line":39,"column":22}},"18":{"start":{"line":41,"column":10},"end":{"line":41,"column":62}},"19":{"start":{"line":44,"column":8},"end":{"line":49,"column":9}},"20":{"start":{"line":45,"column":10},"end":{"line":45,"column":53}},"21":{"start":{"line":46,"column":10},"end":{"line":46,"column":22}},"22":{"start":{"line":48,"column":10},"end":{"line":48,"column":62}},"23":{"start":{"line":51,"column":8},"end":{"line":51,"column":60}},"24":{"start":{"line":53,"column":8},"end":{"line":58,"column":9}},"25":{"start":{"line":54,"column":10},"end":{"line":54,"column":53}},"26":{"start":{"line":55,"column":10},"end":{"line":55,"column":22}},"27":{"start":{"line":57,"column":10},"end":{"line":57,"column":62}},"28":{"start":{"line":60,"column":8},"end":{"line":65,"column":9}},"29":{"start":{"line":61,"column":10},"end":{"line":61,"column":53}},"30":{"start":{"line":62,"column":10},"end":{"line":62,"column":22}},"31":{"start":{"line":64,"column":10},"end":{"line":64,"column":63}},"32":{"start":{"line":67,"column":8},"end":{"line":67,"column":14}},"33":{"start":{"line":76,"column":4},"end":{"line":76,"column":97}},"34":{"start":{"line":80,"column":4},"end":{"line":80,"column":32}},"35":{"start":{"line":10,"column":0},"end":{"line":10,"column":13}}},"fnMap":{"0":{"name":"(anonymous_0)","decl":{"start":{"line":23,"column":2},"end":{"line":23,"column":21}},"loc":{"start":{"line":23,"column":90},"end":{"line":28,"column":3}}},"1":{"name":"(anonymous_1)","decl":{"start":{"line":30,"column":9},"end":{"line":30,"column":17}},"loc":{"start":{"line":30,"column":17},"end":{"line":69,"column":3}}},"2":{"name":"(anonymous_2)","decl":{"start":{"line":75,"column":10},"end":{"line":75,"column":26}},"loc":{"start":{"line":75,"column":26},"end":{"line":77,"column":3}}},"3":{"name":"(anonymous_3)","decl":{"start":{"line":79,"column":9},"end":{"line":79,"column":16}},"loc":{"start":{"line":79,"column":16},"end":{"line":81,"column":3}}}},"branchMap":{"0":{"loc":{"start":{"line":31,"column":4},"end":{"line":33,"column":5}},"type":"if","locations":[{"start":{"line":31,"column":4},"end":{"line":33,"column":5}}]},"1":{"loc":{"start":{"line":35,"column":4},"end":{"line":68,"column":5}},"type":"switch","locations":[{"start":{"line":36,"column":6},"end":{"line":42,"column":9}},{"start":{"line":43,"column":6},"end":{"line":49,"column":9}},{"start":{"line":50,"column":6},"end":{"line":51,"column":60}},{"start":{"line":52,"column":6},"end":{"line":58,"column":9}},{"start":{"line":59,"column":6},"end":{"line":65,"column":9}},{"start":{"line":66,"column":6},"end":{"line":67,"column":14}}]},"2":{"loc":{"start":{"line":37,"column":8},"end":{"line":42,"column":9}},"type":"if","locations":[{"start":{"line":37,"column":8},"end":{"line":42,"column":9}},{"start":{"line":40,"column":15},"end":{"line":42,"column":9}}]},"3":{"loc":{"start":{"line":44,"column":8},"end":{"line":49,"column":9}},"type":"if","locations":[{"start":{"line":44,"column":8},"end":{"line":49,"column":9}},{"start":{"line":47,"column":15},"end":{"line":49,"column":9}}]},"4":{"loc":{"start":{"line":53,"column":8},"end":{"line":58,"column":9}},"type":"if","locations":[{"start":{"line":53,"column":8},"end":{"line":58,"column":9}},{"start":{"line":56,"column":15},"end":{"line":58,"column":9}}]},"5":{"loc":{"start":{"line":60,"column":8},"end":{"line":65,"column":9}},"type":"if","locations":[{"start":{"line":60,"column":8},"end":{"line":65,"column":9}},{"start":{"line":63,"column":15},"end":{"line":65,"column":9}}]},"6":{"loc":{"start":{"line":76,"column":11},"end":{"line":76,"column":96}},"type":"binary-expr","locations":[{"start":{"line":76,"column":11},"end":{"line":76,"column":51}},{"start":{"line":76,"column":55},"end":{"line":76,"column":96}}]}},"s":{"0":2,"1":2,"2":2,"3":46,"4":46,"5":46,"6":46,"7":46,"8":46,"9":46,"10":46,"11":158,"12":1,"13":158,"14":158,"15":25,"16":0,"17":0,"18":25,"19":6,"20":0,"21":0,"22":6,"23":67,"24":48,"25":0,"26":0,"27":48,"28":12,"29":0,"30":0,"31":12,"32":0,"33":158,"34":0,"35":2},"f":{"0":46,"1":158,"2":158,"3":0},"b":{"0":[1],"1":[25,6,67,48,12,0],"2":[0,25],"3":[0,6],"4":[0,48],"5":[0,12],"6":[158,155]}}
,"C:\\Users\\ivann\\Team711-project\\implementation\\src\\model\\expressions\\NumericConstant.ts": {"path":"C:\\Users\\ivann\\Team711-project\\implementation\\src\\model\\expressions\\NumericConstant.ts","statementMap":{"0":{"start":{"line":7,"column":10},"end":{"line":7,"column":null}},"1":{"start":{"line":14,"column":4},"end":{"line":14,"column":23}},"2":{"start":{"line":18,"column":4},"end":{"line":18,"column":22}},"3":{"start":{"line":22,"column":4},"end":{"line":22,"column":27}},"4":{"start":{"line":6,"column":0},"end":{"line":6,"column":13}}},"fnMap":{"0":{"name":"(anonymous_0)","decl":{"start":{"line":13,"column":2},"end":{"line":13,"column":21}},"loc":{"start":{"line":13,"column":34},"end":{"line":15,"column":3}}},"1":{"name":"(anonymous_1)","decl":{"start":{"line":17,"column":9},"end":{"line":17,"column":17}},"loc":{"start":{"line":17,"column":17},"end":{"line":19,"column":3}}},"2":{"name":"(anonymous_2)","decl":{"start":{"line":21,"column":9},"end":{"line":21,"column":16}},"loc":{"start":{"line":21,"column":16},"end":{"line":23,"column":3}}}},"branchMap":{},"s":{"0":101,"1":101,"2":982,"3":0,"4":2},"f":{"0":101,"1":982,"2":0},"b":{}}
,"C:\\Users\\ivann\\Team711-project\\implementation\\src\\model\\expressions\\RangeExpression.ts": {"path":"C:\\Users\\ivann\\Team711-project\\implementation\\src\\model\\expressions\\RangeExpression.ts","statementMap":{"0":{"start":{"line":4,"column":0},"end":{"line":4,"column":63}},"1":{"start":{"line":5,"column":0},"end":{"line":5,"column":57}},"2":{"start":{"line":6,"column":0},"end":{"line":6,"column":67}},"3":{"start":{"line":7,"column":0},"end":{"line":7,"column":40}},"4":{"start":{"line":13,"column":10},"end":{"line":13,"column":null}},"5":{"start":{"line":14,"column":10},"end":{"line":14,"column":null}},"6":{"start":{"line":15,"column":10},"end":{"line":15,"column":null}},"7":{"start":{"line":16,"column":10},"end":{"line":16,"column":null}},"8":{"start":{"line":17,"column":10},"end":{"line":17,"column":null}},"9":{"start":{"line":28,"column":4},"end":{"line":28,"column":21}},"10":{"start":{"line":29,"column":4},"end":{"line":29,"column":23}},"11":{"start":{"line":30,"column":4},"end":{"line":30,"column":19}},"12":{"start":{"line":31,"column":4},"end":{"line":31,"column":31}},"13":{"start":{"line":32,"column":4},"end":{"line":32,"column":21}},"14":{"start":{"line":36,"column":28},"end":{"line":36,"column":30}},"15":{"start":{"line":37,"column":28},"end":{"line":37,"column":63}},"16":{"start":{"line":38,"column":28},"end":{"line":38,"column":61}},"17":{"start":{"line":39,"column":4},"end":{"line":54,"column":5}},"18":{"start":{"line":40,"column":14},"end":{"line":40,"column":51}},"19":{"start":{"line":44,"column":6},"end":{"line":53,"column":7}},"20":{"start":{"line":44,"column":19},"end":{"line":44,"column":33}},"21":{"start":{"line":45,"column":29},"end":{"line":45,"column":99}},"22":{"start":{"line":46,"column":8},"end":{"line":52,"column":9}},"23":{"start":{"line":47,"column":10},"end":{"line":47,"column":52}},"24":{"start":{"line":48,"column":10},"end":{"line":48,"column":22}},"25":{"start":{"line":50,"column":10},"end":{"line":50,"column":29}},"26":{"start":{"line":51,"column":10},"end":{"line":51,"column":29}},"27":{"start":{"line":55,"column":4},"end":{"line":57,"column":5}},"28":{"start":{"line":56,"column":6},"end":{"line":56,"column":18}},"29":{"start":{"line":59,"column":23},"end":{"line":59,"column":71}},"30":{"start":{"line":59,"column":45},"end":{"line":59,"column":70}},"31":{"start":{"line":60,"column":4},"end":{"line":63,"column":5}},"32":{"start":{"line":61,"column":6},"end":{"line":61,"column":51}},"33":{"start":{"line":62,"column":6},"end":{"line":62,"column":18}},"34":{"start":{"line":65,"column":4},"end":{"line":77,"column":5}},"35":{"start":{"line":67,"column":8},"end":{"line":67,"column":61}},"36":{"start":{"line":67,"column":45},"end":{"line":67,"column":56}},"37":{"start":{"line":69,"column":8},"end":{"line":69,"column":77}},"38":{"start":{"line":69,"column":45},"end":{"line":69,"column":56}},"39":{"start":{"line":71,"column":8},"end":{"line":71,"column":35}},"40":{"start":{"line":73,"column":8},"end":{"line":73,"column":35}},"41":{"start":{"line":75,"column":8},"end":{"line":75,"column":55}},"42":{"start":{"line":76,"column":8},"end":{"line":76,"column":20}},"43":{"start":{"line":81,"column":4},"end":{"line":81,"column":32}},"44":{"start":{"line":12,"column":0},"end":{"line":12,"column":13}}},"fnMap":{"0":{"name":"(anonymous_0)","decl":{"start":{"line":27,"column":2},"end":{"line":27,"column":21}},"loc":{"start":{"line":27,"column":97},"end":{"line":33,"column":3}}},"1":{"name":"(anonymous_1)","decl":{"start":{"line":35,"column":9},"end":{"line":35,"column":17}},"loc":{"start":{"line":35,"column":17},"end":{"line":78,"column":3}}},"2":{"name":"(anonymous_2)","decl":{"start":{"line":59,"column":36},"end":{"line":59,"column":41}},"loc":{"start":{"line":59,"column":45},"end":{"line":59,"column":70}}},"3":{"name":"(anonymous_3)","decl":{"start":{"line":67,"column":29},"end":{"line":67,"column":30}},"loc":{"start":{"line":67,"column":45},"end":{"line":67,"column":56}}},"4":{"name":"(anonymous_4)","decl":{"start":{"line":69,"column":29},"end":{"line":69,"column":30}},"loc":{"start":{"line":69,"column":45},"end":{"line":69,"column":56}}},"5":{"name":"(anonymous_5)","decl":{"start":{"line":80,"column":9},"end":{"line":80,"column":16}},"loc":{"start":{"line":80,"column":16},"end":{"line":82,"column":3}}}},"branchMap":{"0":{"loc":{"start":{"line":46,"column":8},"end":{"line":52,"column":9}},"type":"if","locations":[{"start":{"line":46,"column":8},"end":{"line":52,"column":9}},{"start":{"line":49,"column":15},"end":{"line":52,"column":9}}]},"1":{"loc":{"start":{"line":55,"column":4},"end":{"line":57,"column":5}},"type":"if","locations":[{"start":{"line":55,"column":4},"end":{"line":57,"column":5}}]},"2":{"loc":{"start":{"line":60,"column":4},"end":{"line":63,"column":5}},"type":"if","locations":[{"start":{"line":60,"column":4},"end":{"line":63,"column":5}}]},"3":{"loc":{"start":{"line":65,"column":4},"end":{"line":77,"column":5}},"type":"switch","locations":[{"start":{"line":66,"column":6},"end":{"line":67,"column":61}},{"start":{"line":68,"column":6},"end":{"line":69,"column":77}},{"start":{"line":70,"column":6},"end":{"line":71,"column":35}},{"start":{"line":72,"column":6},"end":{"line":73,"column":35}},{"start":{"line":74,"column":6},"end":{"line":76,"column":20}}]}},"s":{"0":2,"1":2,"2":2,"3":2,"4":12,"5":12,"6":12,"7":12,"8":12,"9":12,"10":12,"11":12,"12":12,"13":12,"14":12,"15":12,"16":12,"17":12,"18":12,"19":32,"20":32,"21":0,"22":0,"23":0,"24":0,"25":0,"26":0,"27":12,"28":12,"29":0,"30":0,"31":0,"32":0,"33":0,"34":0,"35":0,"36":0,"37":0,"38":0,"39":0,"40":0,"41":0,"42":0,"43":0,"44":2},"f":{"0":12,"1":12,"2":0,"3":0,"4":0,"5":0},"b":{"0":[0,0],"1":[12],"2":[0],"3":[0,0,0,0,0]}}
,"C:\\Users\\ivann\\Team711-project\\implementation\\src\\model\\expressions\\ReferenceExpression.ts": {"path":"C:\\Users\\ivann\\Team711-project\\implementation\\src\\model\\expressions\\ReferenceExpression.ts","statementMap":{"0":{"start":{"line":4,"column":0},"end":{"line":4,"column":64}},"1":{"start":{"line":10,"column":10},"end":{"line":10,"column":null}},"2":{"start":{"line":11,"column":10},"end":{"line":11,"column":null}},"3":{"start":{"line":12,"column":10},"end":{"line":12,"column":null}},"4":{"start":{"line":13,"column":10},"end":{"line":13,"column":null}},"5":{"start":{"line":14,"column":10},"end":{"line":14,"column":null}},"6":{"start":{"line":23,"column":4},"end":{"line":23,"column":27}},"7":{"start":{"line":24,"column":4},"end":{"line":24,"column":23}},"8":{"start":{"line":25,"column":4},"end":{"line":25,"column":35}},"9":{"start":{"line":26,"column":4},"end":{"line":26,"column":54}},"10":{"start":{"line":29,"column":4},"end":{"line":29,"column":56}},"11":{"start":{"line":39,"column":4},"end":{"line":42,"column":5}},"12":{"start":{"line":40,"column":6},"end":{"line":40,"column":60}},"13":{"start":{"line":41,"column":6},"end":{"line":41,"column":36}},"14":{"start":{"line":44,"column":4},"end":{"line":55,"column":5}},"15":{"start":{"line":45,"column":6},"end":{"line":45,"column":37}},"16":{"start":{"line":46,"column":20},"end":{"line":46,"column":50}},"17":{"start":{"line":47,"column":6},"end":{"line":47,"column":40}},"18":{"start":{"line":48,"column":6},"end":{"line":48,"column":19}},"19":{"start":{"line":50,"column":6},"end":{"line":50,"column":40}},"20":{"start":{"line":51,"column":6},"end":{"line":53,"column":7}},"21":{"start":{"line":52,"column":8},"end":{"line":52,"column":44}},"22":{"start":{"line":54,"column":6},"end":{"line":54,"column":18}},"23":{"start":{"line":63,"column":4},"end":{"line":63,"column":42}},"24":{"start":{"line":71,"column":4},"end":{"line":71,"column":24}},"25":{"start":{"line":78,"column":4},"end":{"line":78,"column":59}},"26":{"start":{"line":82,"column":4},"end":{"line":82,"column":30}},"27":{"start":{"line":9,"column":0},"end":{"line":9,"column":13}}},"fnMap":{"0":{"name":"(anonymous_0)","decl":{"start":{"line":22,"column":2},"end":{"line":22,"column":14}},"loc":{"start":{"line":22,"column":68},"end":{"line":30,"column":3}}},"1":{"name":"(anonymous_1)","decl":{"start":{"line":37,"column":9},"end":{"line":37,"column":17}},"loc":{"start":{"line":37,"column":17},"end":{"line":56,"column":3}}},"2":{"name":"(anonymous_2)","decl":{"start":{"line":62,"column":9},"end":{"line":62,"column":24}},"loc":{"start":{"line":62,"column":24},"end":{"line":64,"column":3}}},"3":{"name":"(anonymous_3)","decl":{"start":{"line":70,"column":9},"end":{"line":70,"column":29}},"loc":{"start":{"line":70,"column":29},"end":{"line":72,"column":3}}},"4":{"name":"(anonymous_4)","decl":{"start":{"line":77,"column":9},"end":{"line":77,"column":16}},"loc":{"start":{"line":77,"column":16},"end":{"line":79,"column":3}}},"5":{"name":"(anonymous_5)","decl":{"start":{"line":81,"column":9},"end":{"line":81,"column":16}},"loc":{"start":{"line":81,"column":16},"end":{"line":83,"column":3}}}},"branchMap":{"0":{"loc":{"start":{"line":39,"column":4},"end":{"line":42,"column":5}},"type":"if","locations":[{"start":{"line":39,"column":4},"end":{"line":42,"column":5}}]},"1":{"loc":{"start":{"line":51,"column":6},"end":{"line":53,"column":7}},"type":"if","locations":[{"start":{"line":51,"column":6},"end":{"line":53,"column":7}}]}},"s":{"0":2,"1":8,"2":8,"3":8,"4":8,"5":8,"6":8,"7":8,"8":8,"9":8,"10":6,"11":69,"12":0,"13":0,"14":69,"15":69,"16":69,"17":69,"18":69,"19":0,"20":0,"21":0,"22":0,"23":0,"24":0,"25":0,"26":0,"27":2},"f":{"0":8,"1":69,"2":0,"3":0,"4":0,"5":0},"b":{"0":[0],"1":[0]}}
,"C:\\Users\\ivann\\Team711-project\\implementation\\src\\model\\expressions\\StringConstant.ts": {"path":"C:\\Users\\ivann\\Team711-project\\implementation\\src\\model\\expressions\\StringConstant.ts","statementMap":{"0":{"start":{"line":7,"column":10},"end":{"line":7,"column":null}},"1":{"start":{"line":14,"column":4},"end":{"line":14,"column":23}},"2":{"start":{"line":18,"column":4},"end":{"line":18,"column":22}},"3":{"start":{"line":22,"column":4},"end":{"line":22,"column":22}},"4":{"start":{"line":6,"column":0},"end":{"line":6,"column":13}}},"fnMap":{"0":{"name":"(anonymous_0)","decl":{"start":{"line":13,"column":2},"end":{"line":13,"column":21}},"loc":{"start":{"line":13,"column":34},"end":{"line":15,"column":3}}},"1":{"name":"(anonymous_1)","decl":{"start":{"line":17,"column":9},"end":{"line":17,"column":17}},"loc":{"start":{"line":17,"column":17},"end":{"line":19,"column":3}}},"2":{"name":"(anonymous_2)","decl":{"start":{"line":21,"column":9},"end":{"line":21,"column":16}},"loc":{"start":{"line":21,"column":16},"end":{"line":23,"column":3}}}},"branchMap":{},"s":{"0":41,"1":41,"2":32,"3":0,"4":2},"f":{"0":41,"1":32,"2":0},"b":{}}
,"C:\\Users\\ivann\\Team711-project\\implementation\\src\\model\\version\\VersionEntry.ts": {"path":"C:\\Users\\ivann\\Team711-project\\implementation\\src\\model\\version\\VersionEntry.ts","statementMap":{"0":{"start":{"line":4,"column":10},"end":{"line":4,"column":null}},"1":{"start":{"line":5,"column":10},"end":{"line":5,"column":null}},"2":{"start":{"line":6,"column":10},"end":{"line":6,"column":null}},"3":{"start":{"line":9,"column":4},"end":{"line":9,"column":32}},"4":{"start":{"line":10,"column":4},"end":{"line":10,"column":33}},"5":{"start":{"line":11,"column":4},"end":{"line":11,"column":21}},"6":{"start":{"line":15,"column":4},"end":{"line":16,"column":62}},"7":{"start":{"line":3,"column":0},"end":{"line":3,"column":13}}},"fnMap":{"0":{"name":"(anonymous_0)","decl":{"start":{"line":8,"column":2},"end":{"line":8,"column":21}},"loc":{"start":{"line":8,"column":51},"end":{"line":12,"column":3}}},"1":{"name":"(anonymous_1)","decl":{"start":{"line":14,"column":9},"end":{"line":14,"column":16}},"loc":{"start":{"line":14,"column":16},"end":{"line":17,"column":3}}}},"branchMap":{},"s":{"0":0,"1":0,"2":0,"3":0,"4":0,"5":0,"6":0,"7":2},"f":{"0":0,"1":0},"b":{}}
,"C:\\Users\\ivann\\Team711-project\\implementation\\src\\model\\version\\VersionHistory.ts": {"path":"C:\\Users\\ivann\\Team711-project\\implementation\\src\\model\\version\\VersionHistory.ts","statementMap":{"0":{"start":{"line":4,"column":10},"end":{"line":4,"column":null}},"1":{"start":{"line":7,"column":4},"end":{"line":7,"column":29}},"2":{"start":{"line":11,"column":4},"end":{"line":11,"column":24}},"3":{"start":{"line":3,"column":0},"end":{"line":3,"column":13}}},"fnMap":{"0":{"name":"(anonymous_0)","decl":{"start":{"line":3,"column":0},"end":{"line":3,"column":13}},"loc":{"start":{"line":3,"column":0},"end":{"line":13,"column":1}}},"1":{"name":"(anonymous_1)","decl":{"start":{"line":6,"column":9},"end":{"line":6,"column":17}},"loc":{"start":{"line":6,"column":37},"end":{"line":8,"column":3}}},"2":{"name":"(anonymous_2)","decl":{"start":{"line":10,"column":9},"end":{"line":10,"column":19}},"loc":{"start":{"line":10,"column":19},"end":{"line":12,"column":3}}}},"branchMap":{},"s":{"0":134,"1":0,"2":0,"3":2},"f":{"0":134,"1":0,"2":0},"b":{}}
}
