TN:
SF:src\model\Director.ts
FN:21,(anonymous_0)
FN:37,(anonymous_1)
FN:50,(anonymous_2)
FNF:3
FNH:1
FNDA:0,(anonymous_0)
FNDA:223,(anonymous_1)
FNDA:0,(anonymous_2)
DA:1,1
DA:2,1
DA:3,1
DA:13,1
DA:22,0
DA:23,0
DA:24,0
DA:25,0
DA:26,0
DA:27,0
DA:38,223
DA:39,223
DA:40,223
DA:41,221
DA:42,221
DA:43,221
DA:51,0
DA:52,0
DA:53,0
DA:54,0
LF:20
LH:10
BRF:0
BRH:0
end_of_record
TN:
SF:src\model\Utility.ts
FN:17,(anonymous_6)
FN:31,(anonymous_7)
FN:46,(anonymous_8)
FN:52,(anonymous_9)
FN:66,(anonymous_10)
FN:71,(anonymous_11)
FNF:6
FNH:0
FNDA:0,(anonymous_6)
FNDA:0,(anonymous_7)
FNDA:0,(anonymous_8)
FNDA:0,(anonymous_9)
FNDA:0,(anonymous_10)
FNDA:0,(anonymous_11)
DA:1,1
DA:2,1
DA:3,1
DA:9,1
DA:18,0
DA:19,0
DA:20,0
DA:21,0
DA:23,0
DA:32,0
DA:33,0
DA:34,0
DA:35,0
DA:36,0
DA:38,0
DA:47,0
DA:48,0
DA:49,0
DA:50,0
DA:51,0
DA:52,0
DA:54,0
DA:55,0
DA:56,0
DA:58,0
DA:67,0
DA:68,0
DA:69,0
DA:70,0
DA:71,0
DA:73,0
DA:79,0
DA:80,0
DA:81,0
DA:82,0
DA:83,0
DA:84,0
DA:89,0
DA:93,0
DA:96,0
DA:99,0
LF:41
LH:4
BRDA:54,0,0,0
BRDA:80,1,0,0
BRF:2
BRH:0
end_of_record
TN:
SF:src\model\builders\CellBuilder.ts
FN:18,(anonymous_0)
FN:23,(anonymous_1)
FN:29,(anonymous_2)
FN:33,(anonymous_3)
FNF:4
FNH:0
FNDA:0,(anonymous_0)
FNDA:0,(anonymous_1)
FNDA:0,(anonymous_2)
FNDA:0,(anonymous_3)
DA:1,1
DA:10,1
DA:11,0
DA:12,0
DA:19,0
DA:20,0
DA:24,0
DA:26,0
DA:30,0
DA:34,0
LF:10
LH:2
BRF:0
BRH:0
end_of_record
TN:
SF:src\model\builders\ExpressionBuilder.ts
FN:32,(anonymous_0)
FN:39,(anonymous_1)
FN:46,(anonymous_2)
FN:50,(anonymous_3)
FN:59,(anonymous_4)
FN:77,(anonymous_5)
FN:95,(anonymous_6)
FN:128,(anonymous_7)
FN:154,(anonymous_8)
FN:210,(anonymous_9)
FN:217,(anonymous_10)
FNF:11
FNH:11
FNDA:223,(anonymous_0)
FNDA:221,(anonymous_1)
FNDA:221,(anonymous_2)
FNDA:223,(anonymous_3)
FNDA:223,(anonymous_4)
FNDA:153,(anonymous_5)
FNDA:154,(anonymous_6)
FNDA:152,(anonymous_7)
FNDA:42,(anonymous_8)
FNDA:41,(anonymous_9)
FNDA:110,(anonymous_10)
DA:3,1
DA:4,1
DA:5,1
DA:6,1
DA:7,1
DA:8,1
DA:9,1
DA:10,1
DA:11,1
DA:12,1
DA:13,1
DA:21,1
DA:22,223
DA:23,223
DA:24,223
DA:25,223
DA:33,223
DA:34,223
DA:35,223
DA:36,223
DA:40,221
DA:41,221
DA:42,221
DA:43,221
DA:47,221
DA:51,223
DA:52,223
DA:60,223
DA:61,54
DA:62,54
DA:64,169
DA:65,154
DA:66,154
DA:67,153
DA:69,167
DA:70,32
DA:78,153
DA:79,75
DA:80,78
DA:81,2
DA:82,2
DA:84,76
DA:85,7
DA:86,7
DA:96,154
DA:97,154
DA:98,154
DA:99,586
DA:100,36
DA:102,586
DA:103,196
DA:105,586
DA:106,36
DA:107,36
DA:108,35
DA:110,1
DA:111,1
DA:115,153
DA:116,1
DA:117,1
DA:119,152
DA:129,152
DA:130,473
DA:131,167
DA:133,306
DA:134,306
DA:135,25
DA:136,25
DA:137,281
DA:138,14
DA:139,13
DA:140,267
DA:141,3
DA:142,3
DA:145,110
DA:155,42
DA:160,42
DA:165,42
DA:166,0
DA:168,41
DA:170,41
DA:172,22
DA:173,22
DA:175,3
DA:176,2
DA:178,1
DA:179,1
DA:181,3
DA:182,0
DA:184,3
DA:185,3
DA:187,10
DA:188,2
DA:190,8
DA:191,8
DA:193,3
DA:194,0
DA:196,3
DA:197,3
DA:199,0
DA:201,37
DA:211,41
DA:218,110
DA:219,11
LF:104
LH:100
BRDA:60,0,0,54
BRDA:64,1,0,154
BRDA:69,2,0,32
BRDA:78,3,0,75
BRDA:78,3,1,78
BRDA:80,4,0,2
BRDA:80,4,1,76
BRDA:84,5,0,7
BRDA:99,6,0,36
BRDA:102,7,0,196
BRDA:105,8,0,36
BRDA:107,9,0,35
BRDA:107,9,1,1
BRDA:115,10,0,1
BRDA:130,11,0,167
BRDA:134,12,0,25
BRDA:134,12,1,281
BRDA:134,13,0,306
BRDA:134,13,1,284
BRDA:137,14,0,14
BRDA:137,14,1,267
BRDA:137,15,0,281
BRDA:137,15,1,270
BRDA:140,16,0,3
BRDA:165,17,0,0
BRDA:165,18,0,42
BRDA:165,18,1,41
BRDA:170,19,0,22
BRDA:170,19,1,3
BRDA:170,19,2,3
BRDA:170,19,3,10
BRDA:170,19,4,3
BRDA:170,19,5,0
BRDA:175,20,0,2
BRDA:181,21,0,0
BRDA:187,22,0,2
BRDA:193,23,0,0
BRDA:211,24,0,41
BRDA:211,24,1,28
BRDA:218,25,0,11
BRF:40
BRH:36
end_of_record
TN:
SF:src\model\builders\SpreadSheetBuilder.ts
FN:17,(anonymous_0)
FN:23,(anonymous_1)
FN:33,(anonymous_2)
FN:37,(anonymous_3)
FNF:4
FNH:0
FNDA:0,(anonymous_0)
FNDA:0,(anonymous_1)
FNDA:0,(anonymous_2)
FNDA:0,(anonymous_3)
DA:1,1
DA:3,1
DA:4,1
DA:9,1
DA:10,0
DA:11,0
DA:12,0
DA:18,0
DA:19,0
DA:20,0
DA:24,0
DA:25,0
DA:26,0
DA:27,0
DA:30,0
DA:34,0
DA:38,0
DA:39,0
LF:18
LH:4
BRDA:27,0,0,0
BRDA:27,0,1,0
BRF:2
BRH:0
end_of_record
TN:
SF:src\model\components\Cell.ts
FN:33,(anonymous_0)
FN:44,(anonymous_1)
FN:52,(anonymous_2)
FN:60,(anonymous_3)
FN:68,(anonymous_4)
FN:76,(anonymous_5)
FN:85,(anonymous_6)
FN:94,(anonymous_7)
FN:102,(anonymous_8)
FN:109,(anonymous_9)
FN:110,(anonymous_10)
FN:119,(anonymous_11)
FN:120,(anonymous_12)
FN:127,(anonymous_13)
FN:128,(anonymous_14)
FN:134,(anonymous_15)
FN:135,(anonymous_16)
FN:146,(anonymous_17)
FN:155,(anonymous_18)
FN:181,(anonymous_19)
FN:191,(anonymous_20)
FN:200,(anonymous_21)
FN:208,(anonymous_22)
FNF:23
FNH:7
FNDA:81,(anonymous_0)
FNDA:0,(anonymous_1)
FNDA:0,(anonymous_2)
FNDA:0,(anonymous_3)
FNDA:0,(anonymous_4)
FNDA:1,(anonymous_5)
FNDA:0,(anonymous_6)
FNDA:1,(anonymous_7)
FNDA:0,(anonymous_8)
FNDA:0,(anonymous_9)
FNDA:0,(anonymous_10)
FNDA:7,(anonymous_11)
FNDA:0,(anonymous_12)
FNDA:7,(anonymous_13)
FNDA:0,(anonymous_14)
FNDA:0,(anonymous_15)
FNDA:0,(anonymous_16)
FNDA:0,(anonymous_17)
FNDA:0,(anonymous_18)
FNDA:7,(anonymous_19)
FNDA:1,(anonymous_20)
FNDA:0,(anonymous_21)
FNDA:0,(anonymous_22)
DA:2,1
DA:3,1
DA:6,1
DA:16,1
DA:17,81
DA:18,81
DA:19,81
DA:20,81
DA:23,81
DA:24,81
DA:25,81
DA:26,81
DA:34,81
DA:35,81
DA:36,81
DA:37,81
DA:45,0
DA:53,0
DA:61,0
DA:69,0
DA:77,1
DA:78,1
DA:86,0
DA:87,0
DA:95,1
DA:103,0
DA:110,0
DA:111,0
DA:113,0
DA:120,7
DA:128,7
DA:135,0
DA:136,0
DA:137,0
DA:138,0
DA:147,0
DA:156,0
DA:157,0
DA:159,0
DA:160,0
DA:161,0
DA:164,0
DA:165,0
DA:166,0
DA:170,0
DA:173,0
DA:182,7
DA:183,7
DA:184,7
DA:192,1
DA:193,1
DA:201,0
DA:209,0
LF:53
LH:26
BRDA:165,0,0,0
BRF:1
BRH:0
end_of_record
TN:
SF:src\model\components\CollaborationManager.ts
FN:20,(anonymous_0)
FN:32,(anonymous_1)
FN:50,(anonymous_2)
FN:74,(anonymous_3)
FN:86,(anonymous_4)
FNF:5
FNH:0
FNDA:0,(anonymous_0)
FNDA:0,(anonymous_1)
FNDA:0,(anonymous_2)
FNDA:0,(anonymous_3)
FNDA:0,(anonymous_4)
DA:2,1
DA:4,1
DA:5,1
DA:10,1
DA:11,0
DA:12,0
DA:13,0
DA:21,0
DA:22,0
DA:23,0
DA:33,0
DA:34,0
DA:35,0
DA:36,0
DA:37,0
DA:38,0
DA:39,0
DA:40,0
DA:42,0
DA:51,0
DA:52,0
DA:53,0
DA:54,0
DA:55,0
DA:56,0
DA:57,0
DA:58,0
DA:60,0
DA:61,0
DA:65,0
DA:66,0
DA:75,0
DA:76,0
DA:77,0
DA:87,0
DA:88,0
DA:89,0
DA:90,0
DA:91,0
DA:92,0
DA:94,0
DA:96,0
DA:97,0
DA:98,0
DA:101,0
DA:102,0
DA:103,0
DA:104,0
DA:108,0
LF:49
LH:4
BRDA:37,0,0,0
BRDA:54,1,0,0
BRDA:54,1,1,0
BRDA:55,2,0,0
BRDA:55,2,1,0
BRDA:56,3,0,0
BRDA:56,3,1,0
BRDA:56,4,0,0
BRDA:56,4,1,0
BRDA:60,5,0,0
BRDA:91,6,0,0
BRDA:91,6,1,0
BRDA:96,7,0,0
BRDA:96,7,1,0
BRDA:103,8,0,0
BRF:15
BRH:0
end_of_record
TN:
SF:src\model\components\SpreadSheet.ts
FN:19,(anonymous_0)
FN:29,(anonymous_1)
FN:37,(anonymous_2)
FN:47,(anonymous_3)
FN:74,(anonymous_4)
FN:94,(anonymous_5)
FN:122,(anonymous_6)
FN:143,(anonymous_7)
FN:150,(anonymous_8)
FN:165,(anonymous_9)
FN:170,(anonymous_10)
FN:196,(anonymous_11)
FNF:12
FNH:2
FNDA:60,(anonymous_0)
FNDA:2,(anonymous_1)
FNDA:0,(anonymous_2)
FNDA:0,(anonymous_3)
FNDA:0,(anonymous_4)
FNDA:0,(anonymous_5)
FNDA:0,(anonymous_6)
FNDA:0,(anonymous_7)
FNDA:0,(anonymous_8)
FNDA:0,(anonymous_9)
FNDA:0,(anonymous_10)
FNDA:0,(anonymous_11)
DA:2,1
DA:3,1
DA:4,1
DA:5,1
DA:11,1
DA:12,60
DA:13,60
DA:20,60
DA:21,60
DA:30,2
DA:31,2
DA:32,1
DA:34,1
DA:38,0
DA:39,0
DA:48,0
DA:49,0
DA:50,0
DA:51,0
DA:52,0
DA:53,0
DA:54,0
DA:55,0
DA:56,0
DA:58,0
DA:60,0
DA:63,0
DA:64,0
DA:66,0
DA:75,0
DA:76,0
DA:77,0
DA:78,0
DA:79,0
DA:80,0
DA:81,0
DA:83,0
DA:86,0
DA:95,0
DA:96,0
DA:97,0
DA:98,0
DA:99,0
DA:100,0
DA:101,0
DA:102,0
DA:103,0
DA:105,0
DA:108,0
DA:111,0
DA:112,0
DA:114,0
DA:123,0
DA:124,0
DA:125,0
DA:126,0
DA:127,0
DA:128,0
DA:129,0
DA:132,0
DA:135,0
DA:144,0
DA:151,0
DA:152,0
DA:153,0
DA:166,0
DA:167,0
DA:168,0
DA:169,0
DA:170,0
DA:171,0
DA:172,0
DA:173,0
DA:174,0
DA:175,0
DA:178,0
DA:179,0
DA:182,0
DA:184,0
DA:185,0
DA:197,0
DA:198,0
DA:199,0
DA:200,0
DA:202,0
DA:203,0
DA:205,0
DA:206,0
DA:207,0
LF:89
LH:13
BRDA:31,0,0,1
BRDA:53,1,0,0
BRDA:53,1,1,0
BRDA:54,2,0,0
BRDA:54,2,1,0
BRDA:55,3,0,0
BRDA:79,4,0,0
BRDA:79,4,1,0
BRDA:80,5,0,0
BRDA:80,5,1,0
BRDA:100,6,0,0
BRDA:100,6,1,0
BRDA:101,7,0,0
BRDA:101,7,1,0
BRDA:102,8,0,0
BRDA:127,9,0,0
BRDA:127,9,1,0
BRDA:128,10,0,0
BRDA:128,10,1,0
BRDA:173,11,0,0
BRDA:173,11,1,0
BRDA:174,12,0,0
BRDA:178,13,0,0
BRDA:184,14,0,0
BRF:24
BRH:1
end_of_record
TN:
SF:src\model\conflicts\MergeConflict.ts
FN:17,(anonymous_0)
FN:27,(anonymous_1)
FN:37,(anonymous_2)
FNF:3
FNH:0
FNDA:0,(anonymous_0)
FNDA:0,(anonymous_1)
FNDA:0,(anonymous_2)
DA:6,1
DA:7,0
DA:8,0
DA:9,0
DA:18,0
DA:19,0
DA:20,0
DA:28,0
DA:38,0
DA:39,0
DA:41,0
LF:11
LH:1
BRDA:38,0,0,0
BRDA:38,0,1,0
BRF:2
BRH:0
end_of_record
TN:
SF:src\model\conflicts\MergeConflictResolver.ts
FN:45,(anonymous_0)
FN:53,(anonymous_1)
FN:61,(anonymous_2)
FN:72,(anonymous_3)
FN:73,(anonymous_4)
FN:74,(anonymous_5)
FN:79,(anonymous_6)
FNF:7
FNH:1
FNDA:60,(anonymous_0)
FNDA:0,(anonymous_1)
FNDA:0,(anonymous_2)
FNDA:0,(anonymous_3)
FNDA:0,(anonymous_4)
FNDA:0,(anonymous_5)
FNDA:0,(anonymous_6)
DA:38,1
DA:39,60
DA:40,60
DA:46,60
DA:54,0
DA:62,0
DA:73,0
DA:74,0
DA:75,0
DA:76,0
DA:79,0
DA:80,0
DA:85,0
DA:86,0
LF:14
LH:4
BRDA:75,0,0,0
BRF:1
BRH:0
end_of_record
TN:
SF:src\model\enums\Operator.ts
FN:4,(anonymous_0)
FNF:1
FNH:1
FNDA:1,(anonymous_0)
DA:4,1
DA:5,1
DA:6,1
DA:7,1
DA:8,1
DA:9,1
LF:6
LH:6
BRDA:4,0,0,1
BRDA:4,0,1,1
BRF:2
BRH:2
end_of_record
TN:
SF:src\model\errors\AError.ts
FN:9,(anonymous_0)
FN:13,(anonymous_1)
FNF:2
FNH:1
FNDA:1,(anonymous_0)
FNDA:0,(anonymous_1)
DA:7,1
DA:10,1
DA:14,0
LF:3
LH:2
BRF:0
BRH:0
end_of_record
TN:
SF:src\model\errors\IllegalOperands.ts
FN:8,(anonymous_0)
FNF:1
FNH:0
FNDA:0,(anonymous_0)
DA:1,1
DA:6,1
DA:9,0
LF:3
LH:2
BRF:0
BRH:0
end_of_record
TN:
SF:src\model\errors\InvalidExpression.ts
FN:8,(anonymous_0)
FNF:1
FNH:0
FNDA:0,(anonymous_0)
DA:1,1
DA:6,1
DA:9,0
LF:3
LH:2
BRF:0
BRH:0
end_of_record
TN:
SF:src\model\errors\InvalidRange.ts
FN:9,(anonymous_0)
FNF:1
FNH:0
FNDA:0,(anonymous_0)
DA:1,1
DA:7,1
DA:10,0
LF:3
LH:2
BRF:0
BRH:0
end_of_record
TN:
SF:src\model\errors\MixedValues.ts
FN:8,(anonymous_0)
FNF:1
FNH:0
FNDA:0,(anonymous_0)
DA:1,1
DA:6,1
DA:9,0
LF:3
LH:2
BRF:0
BRH:0
end_of_record
TN:
SF:src\model\errors\NullOperand.ts
FN:8,(anonymous_0)
FNF:1
FNH:0
FNDA:0,(anonymous_0)
DA:1,1
DA:6,1
DA:9,0
LF:3
LH:2
BRF:0
BRH:0
end_of_record
TN:
SF:src\model\errors\WrongParentheses.ts
FN:7,(anonymous_0)
FNF:1
FNH:0
FNDA:0,(anonymous_0)
DA:1,1
DA:6,1
DA:8,0
LF:3
LH:2
BRF:0
BRH:0
end_of_record
TN:
SF:src\model\expressions\CellReference.ts
FN:22,(anonymous_0)
FN:37,(anonymous_1)
FN:62,(anonymous_2)
FN:70,(anonymous_3)
FN:77,(anonymous_4)
FN:81,(anonymous_5)
FNF:6
FNH:2
FNDA:2,(anonymous_0)
FNDA:1,(anonymous_1)
FNDA:0,(anonymous_2)
FNDA:0,(anonymous_3)
FNDA:0,(anonymous_4)
FNDA:0,(anonymous_5)
DA:4,1
DA:9,1
DA:10,2
DA:11,2
DA:12,2
DA:13,2
DA:14,2
DA:23,2
DA:24,2
DA:25,2
DA:26,2
DA:29,1
DA:39,1
DA:40,0
DA:41,0
DA:44,1
DA:45,1
DA:46,1
DA:47,1
DA:48,1
DA:50,0
DA:51,0
DA:52,0
DA:54,0
DA:63,0
DA:71,0
DA:78,0
DA:82,0
LF:28
LH:18
BRDA:39,0,0,0
BRDA:51,1,0,0
BRF:2
BRH:0
end_of_record
TN:
SF:src\model\expressions\EmptyExpression.ts
FN:8,(anonymous_0)
FN:12,(anonymous_1)
FNF:2
FNH:1
FNDA:1,(anonymous_0)
FNDA:0,(anonymous_1)
DA:6,1
DA:9,1
DA:13,0
LF:3
LH:2
BRF:0
BRH:0
end_of_record
TN:
SF:src\model\expressions\FormulaExpression.ts
FN:23,(anonymous_0)
FN:30,(anonymous_1)
FN:76,(anonymous_2)
FN:80,(anonymous_3)
FNF:4
FNH:3
FNDA:37,(anonymous_0)
FNDA:98,(anonymous_1)
FNDA:98,(anonymous_2)
FNDA:0,(anonymous_3)
DA:2,1
DA:4,1
DA:5,1
DA:10,1
DA:11,37
DA:12,37
DA:13,37
DA:14,37
DA:24,37
DA:25,37
DA:26,37
DA:27,37
DA:31,98
DA:32,7
DA:34,98
DA:35,98
DA:37,3
DA:38,0
DA:39,0
DA:41,3
DA:44,1
DA:45,0
DA:46,0
DA:48,1
DA:51,53
DA:52,53
DA:54,34
DA:55,0
DA:56,0
DA:58,34
DA:61,7
DA:62,0
DA:63,0
DA:65,7
DA:68,0
DA:77,98
DA:81,0
LF:37
LH:27
BRDA:31,0,0,7
BRDA:35,1,0,3
BRDA:35,1,1,1
BRDA:35,1,2,53
BRDA:35,1,3,34
BRDA:35,1,4,7
BRDA:35,1,5,0
BRDA:37,2,0,0
BRDA:37,2,1,3
BRDA:44,3,0,0
BRDA:44,3,1,1
BRDA:54,4,0,0
BRDA:54,4,1,34
BRDA:61,5,0,0
BRDA:61,5,1,7
BRDA:77,6,0,98
BRDA:77,6,1,84
BRF:17
BRH:12
end_of_record
TN:
SF:src\model\expressions\NumericConstant.ts
FN:13,(anonymous_0)
FN:17,(anonymous_1)
FN:21,(anonymous_2)
FNF:3
FNH:2
FNDA:75,(anonymous_0)
FNDA:572,(anonymous_1)
FNDA:0,(anonymous_2)
DA:6,1
DA:7,75
DA:14,75
DA:18,572
DA:22,0
LF:5
LH:4
BRF:0
BRH:0
end_of_record
TN:
SF:src\model\expressions\RangeExpression.ts
FN:27,(anonymous_0)
FN:35,(anonymous_1)
FN:58,(anonymous_2)
FN:66,(anonymous_3)
FN:68,(anonymous_4)
FN:79,(anonymous_5)
FNF:6
FNH:2
FNDA:7,(anonymous_0)
FNDA:6,(anonymous_1)
FNDA:0,(anonymous_2)
FNDA:0,(anonymous_3)
FNDA:0,(anonymous_4)
FNDA:0,(anonymous_5)
DA:4,1
DA:5,1
DA:6,1
DA:7,1
DA:12,1
DA:13,7
DA:14,7
DA:15,7
DA:16,7
DA:17,7
DA:28,7
DA:29,7
DA:30,7
DA:31,7
DA:32,7
DA:36,6
DA:37,6
DA:38,0
DA:39,0
DA:40,0
DA:44,0
DA:45,0
DA:46,0
DA:47,0
DA:48,0
DA:50,0
DA:54,0
DA:55,0
DA:58,0
DA:59,0
DA:60,0
DA:61,0
DA:64,0
DA:66,0
DA:68,0
DA:70,0
DA:72,0
DA:74,0
DA:75,0
DA:80,0
LF:40
LH:17
BRDA:46,0,0,0
BRDA:46,0,1,0
BRDA:54,1,0,0
BRDA:59,2,0,0
BRDA:64,3,0,0
BRDA:64,3,1,0
BRDA:64,3,2,0
BRDA:64,3,3,0
BRDA:64,3,4,0
BRF:9
BRH:0
end_of_record
TN:
SF:src\model\expressions\StringConstant.ts
FN:13,(anonymous_0)
FN:17,(anonymous_1)
FN:21,(anonymous_2)
FNF:3
FNH:2
FNDA:32,(anonymous_0)
FNDA:83,(anonymous_1)
FNDA:0,(anonymous_2)
DA:6,1
DA:7,32
DA:14,32
DA:18,83
DA:22,0
LF:5
LH:4
BRF:0
BRH:0
end_of_record
TN:
SF:src\model\version\VersionEntry.ts
FN:8,(anonymous_0)
FN:14,(anonymous_1)
FNF:2
FNH:0
FNDA:0,(anonymous_0)
FNDA:0,(anonymous_1)
DA:3,1
DA:4,0
DA:5,0
DA:6,0
DA:9,0
DA:10,0
DA:11,0
DA:15,0
LF:8
LH:1
BRF:0
BRH:0
end_of_record
TN:
SF:src\model\version\VersionHistory.ts
FN:3,(anonymous_0)
FN:6,(anonymous_1)
FN:10,(anonymous_2)
FNF:3
FNH:1
FNDA:81,(anonymous_0)
FNDA:0,(anonymous_1)
FNDA:0,(anonymous_2)
DA:3,1
DA:4,81
DA:7,0
DA:11,0
LF:4
LH:2
BRF:0
BRH:0
end_of_record
