TN:
SF:src\model\Director.ts
FN:21,(anonymous_0)
FN:37,(anonymous_1)
FN:50,(anonymous_2)
FNF:3
FNH:2
FNDA:0,(anonymous_0)
FNDA:22969,(anonymous_1)
FNDA:18,(anonymous_2)
DA:1,3
DA:2,3
DA:3,3
DA:13,3
DA:22,0
DA:23,0
DA:24,0
DA:25,0
DA:26,0
DA:27,0
DA:38,22969
DA:39,22969
DA:40,22969
DA:41,22962
DA:42,22962
DA:43,22962
DA:51,18
DA:52,18
DA:53,18
DA:54,18
LF:20
LH:14
BRF:0
BRH:0
end_of_record
TN:
SF:src\model\Utility.ts
FN:17,(anonymous_6)
FN:31,(anonymous_7)
FN:46,(anonymous_8)
FN:52,(anonymous_9)
FN:66,(anonymous_10)
FN:71,(anonymous_11)
FNF:6
FNH:2
FNDA:35,(anonymous_6)
FNDA:22571,(anonymous_7)
FNDA:0,(anonymous_8)
FNDA:0,(anonymous_9)
FNDA:0,(anonymous_10)
FNDA:0,(anonymous_11)
DA:1,3
DA:2,3
DA:3,3
DA:9,3
DA:18,35
DA:19,35
DA:20,35
DA:21,35
DA:23,35
DA:32,22571
DA:33,22571
DA:34,21671
DA:35,21671
DA:36,21671
DA:38,22571
DA:47,0
DA:48,0
DA:49,0
DA:50,0
DA:51,0
DA:52,0
DA:54,0
DA:55,0
DA:56,0
DA:58,0
DA:67,0
DA:68,0
DA:69,0
DA:70,0
DA:71,0
DA:73,0
DA:79,0
DA:80,0
DA:81,0
DA:82,0
DA:83,0
DA:84,0
DA:89,0
DA:93,0
DA:96,0
DA:99,0
LF:41
LH:15
BRDA:54,0,0,0
BRDA:80,1,0,0
BRF:2
BRH:0
end_of_record
TN:
SF:src\model\builders\CellBuilder.ts
FN:18,(anonymous_0)
FN:23,(anonymous_1)
FN:29,(anonymous_2)
FN:33,(anonymous_3)
FNF:4
FNH:4
FNDA:36,(anonymous_0)
FNDA:31,(anonymous_1)
FNDA:3,(anonymous_2)
FNDA:26,(anonymous_3)
DA:1,3
DA:10,3
DA:11,36
DA:12,36
DA:19,36
DA:20,36
DA:24,31
DA:26,29
DA:30,3
DA:34,26
LF:10
LH:10
BRF:0
BRH:0
end_of_record
TN:
SF:src\model\builders\ExpressionBuilder.ts
FN:32,(anonymous_0)
FN:39,(anonymous_1)
FN:46,(anonymous_2)
FN:50,(anonymous_3)
FN:59,(anonymous_4)
FN:79,(anonymous_5)
FN:98,(anonymous_6)
FN:131,(anonymous_7)
FN:171,(anonymous_8)
FN:227,(anonymous_9)
FN:234,(anonymous_10)
FNF:11
FNH:11
FNDA:22969,(anonymous_0)
FNDA:22962,(anonymous_1)
FNDA:22962,(anonymous_2)
FNDA:22969,(anonymous_3)
FNDA:22969,(anonymous_4)
FNDA:253,(anonymous_5)
FNDA:253,(anonymous_6)
FNDA:249,(anonymous_7)
FNDA:66,(anonymous_8)
FNDA:55,(anonymous_9)
FNDA:183,(anonymous_10)
DA:3,3
DA:4,3
DA:5,3
DA:6,3
DA:7,3
DA:8,3
DA:9,3
DA:10,3
DA:11,3
DA:12,3
DA:13,3
DA:21,3
DA:22,22969
DA:23,22969
DA:24,22969
DA:25,22969
DA:33,22969
DA:34,22969
DA:35,22969
DA:36,22969
DA:40,22962
DA:41,22962
DA:42,22962
DA:43,22962
DA:47,22962
DA:51,22969
DA:52,22969
DA:60,22969
DA:61,22582
DA:62,22582
DA:64,387
DA:65,253
DA:66,253
DA:67,253
DA:69,134
DA:71,380
DA:72,11
DA:80,253
DA:81,129
DA:82,124
DA:83,12
DA:84,12
DA:85,112
DA:86,12
DA:87,12
DA:88,100
DA:89,7
DA:99,253
DA:100,253
DA:101,253
DA:102,959
DA:103,75
DA:105,959
DA:106,368
DA:108,959
DA:109,77
DA:110,77
DA:111,74
DA:113,3
DA:114,3
DA:118,250
DA:119,1
DA:120,1
DA:122,249
DA:132,249
DA:133,842
DA:134,333
DA:136,509
DA:137,509
DA:138,42
DA:139,42
DA:142,207
DA:143,654
DA:144,283
DA:146,371
DA:147,371
DA:148,20
DA:149,20
DA:152,187
DA:153,564
DA:154,250
DA:156,314
DA:157,314
DA:158,4
DA:159,4
DA:162,183
DA:172,66
DA:177,66
DA:182,66
DA:183,11
DA:185,55
DA:187,55
DA:189,29
DA:190,29
DA:192,2
DA:193,0
DA:195,2
DA:196,2
DA:198,5
DA:199,0
DA:201,5
DA:202,5
DA:204,15
DA:205,1
DA:207,14
DA:208,14
DA:210,4
DA:211,0
DA:213,4
DA:214,4
DA:216,0
DA:218,54
DA:228,55
DA:235,183
DA:236,15
LF:115
LH:111
BRDA:60,0,0,22582
BRDA:64,1,0,253
BRDA:64,1,1,134
BRDA:71,2,0,11
BRDA:80,3,0,129
BRDA:80,3,1,124
BRDA:82,4,0,12
BRDA:82,4,1,112
BRDA:85,5,0,12
BRDA:85,5,1,100
BRDA:88,6,0,7
BRDA:102,7,0,75
BRDA:105,8,0,368
BRDA:108,9,0,77
BRDA:110,10,0,74
BRDA:110,10,1,3
BRDA:118,11,0,1
BRDA:133,12,0,333
BRDA:137,13,0,42
BRDA:137,14,0,509
BRDA:137,14,1,472
BRDA:143,15,0,283
BRDA:147,16,0,20
BRDA:147,17,0,371
BRDA:147,17,1,356
BRDA:153,18,0,250
BRDA:157,19,0,4
BRDA:182,20,0,11
BRDA:182,21,0,66
BRDA:182,21,1,59
BRDA:187,22,0,29
BRDA:187,22,1,2
BRDA:187,22,2,5
BRDA:187,22,3,15
BRDA:187,22,4,4
BRDA:187,22,5,0
BRDA:192,23,0,0
BRDA:198,24,0,0
BRDA:204,25,0,1
BRDA:210,26,0,0
BRDA:228,27,0,55
BRDA:228,27,1,51
BRDA:235,28,0,15
BRF:43
BRH:39
end_of_record
TN:
SF:src\model\builders\SpreadSheetBuilder.ts
FN:17,(anonymous_0)
FN:23,(anonymous_1)
FN:33,(anonymous_2)
FN:37,(anonymous_3)
FNF:4
FNH:3
FNDA:18,(anonymous_0)
FNDA:18,(anonymous_1)
FNDA:18,(anonymous_2)
FNDA:0,(anonymous_3)
DA:1,3
DA:3,3
DA:4,3
DA:9,3
DA:10,18
DA:11,18
DA:12,18
DA:18,18
DA:19,18
DA:20,18
DA:24,18
DA:25,450
DA:26,22500
DA:27,22500
DA:30,18
DA:34,18
DA:38,0
DA:39,0
LF:18
LH:16
BRDA:27,0,0,22500
BRDA:27,0,1,22500
BRF:2
BRH:2
end_of_record
TN:
SF:src\model\components\Cell.ts
FN:33,(anonymous_0)
FN:44,(anonymous_1)
FN:52,(anonymous_2)
FN:60,(anonymous_3)
FN:68,(anonymous_4)
FN:76,(anonymous_5)
FN:85,(anonymous_6)
FN:94,(anonymous_7)
FN:102,(anonymous_8)
FN:109,(anonymous_9)
FN:110,(anonymous_10)
FN:119,(anonymous_11)
FN:120,(anonymous_12)
FN:127,(anonymous_13)
FN:128,(anonymous_14)
FN:134,(anonymous_15)
FN:135,(anonymous_16)
FN:146,(anonymous_17)
FN:155,(anonymous_18)
FN:181,(anonymous_19)
FN:191,(anonymous_20)
FN:200,(anonymous_21)
FN:208,(anonymous_22)
FNF:23
FNH:11
FNDA:22652,(anonymous_0)
FNDA:0,(anonymous_1)
FNDA:0,(anonymous_2)
FNDA:0,(anonymous_3)
FNDA:0,(anonymous_4)
FNDA:41,(anonymous_5)
FNDA:0,(anonymous_6)
FNDA:41,(anonymous_7)
FNDA:0,(anonymous_8)
FNDA:123,(anonymous_9)
FNDA:0,(anonymous_10)
FNDA:127,(anonymous_11)
FNDA:0,(anonymous_12)
FNDA:126,(anonymous_13)
FNDA:0,(anonymous_14)
FNDA:121,(anonymous_15)
FNDA:0,(anonymous_16)
FNDA:30,(anonymous_17)
FNDA:123,(anonymous_18)
FNDA:6,(anonymous_19)
FNDA:391,(anonymous_20)
FNDA:0,(anonymous_21)
FNDA:0,(anonymous_22)
DA:2,3
DA:3,3
DA:6,3
DA:16,3
DA:17,22652
DA:18,22652
DA:19,22652
DA:20,22652
DA:23,22652
DA:24,22652
DA:25,22652
DA:26,22652
DA:34,22652
DA:35,22652
DA:36,22652
DA:37,22652
DA:45,0
DA:53,0
DA:61,0
DA:69,0
DA:77,41
DA:78,41
DA:86,0
DA:87,0
DA:95,41
DA:103,0
DA:110,123
DA:111,0
DA:113,123
DA:120,127
DA:128,126
DA:135,121
DA:136,0
DA:137,0
DA:138,0
DA:147,30
DA:156,123
DA:157,123
DA:159,123
DA:160,123
DA:161,121
DA:164,121
DA:165,121
DA:166,120
DA:170,121
DA:173,121
DA:182,6
DA:183,6
DA:184,6
DA:192,391
DA:193,391
DA:201,0
DA:209,0
LF:53
LH:40
BRDA:165,0,0,120
BRF:1
BRH:1
end_of_record
TN:
SF:src\model\components\CollaborationManager.ts
FN:20,(anonymous_0)
FN:32,(anonymous_1)
FN:50,(anonymous_2)
FN:74,(anonymous_3)
FN:86,(anonymous_4)
FNF:5
FNH:0
FNDA:0,(anonymous_0)
FNDA:0,(anonymous_1)
FNDA:0,(anonymous_2)
FNDA:0,(anonymous_3)
FNDA:0,(anonymous_4)
DA:2,3
DA:4,3
DA:5,3
DA:10,3
DA:11,0
DA:12,0
DA:13,0
DA:21,0
DA:22,0
DA:23,0
DA:33,0
DA:34,0
DA:35,0
DA:36,0
DA:37,0
DA:38,0
DA:39,0
DA:40,0
DA:42,0
DA:51,0
DA:52,0
DA:53,0
DA:54,0
DA:55,0
DA:56,0
DA:57,0
DA:58,0
DA:60,0
DA:61,0
DA:65,0
DA:66,0
DA:75,0
DA:76,0
DA:77,0
DA:87,0
DA:88,0
DA:89,0
DA:90,0
DA:91,0
DA:92,0
DA:94,0
DA:96,0
DA:97,0
DA:98,0
DA:101,0
DA:102,0
DA:103,0
DA:104,0
DA:108,0
LF:49
LH:4
BRDA:37,0,0,0
BRDA:54,1,0,0
BRDA:54,1,1,0
BRDA:55,2,0,0
BRDA:55,2,1,0
BRDA:56,3,0,0
BRDA:56,3,1,0
BRDA:56,4,0,0
BRDA:56,4,1,0
BRDA:60,5,0,0
BRDA:91,6,0,0
BRDA:91,6,1,0
BRDA:96,7,0,0
BRDA:96,7,1,0
BRDA:103,8,0,0
BRF:15
BRH:0
end_of_record
TN:
SF:src\model\components\SpreadSheet.ts
FN:19,(anonymous_0)
FN:29,(anonymous_1)
FN:37,(anonymous_2)
FN:47,(anonymous_3)
FN:74,(anonymous_4)
FN:94,(anonymous_5)
FN:122,(anonymous_6)
FN:143,(anonymous_7)
FN:150,(anonymous_8)
FN:165,(anonymous_9)
FN:170,(anonymous_10)
FN:196,(anonymous_11)
FNF:12
FNH:2
FNDA:114,(anonymous_0)
FNDA:48,(anonymous_1)
FNDA:0,(anonymous_2)
FNDA:0,(anonymous_3)
FNDA:0,(anonymous_4)
FNDA:0,(anonymous_5)
FNDA:0,(anonymous_6)
FNDA:0,(anonymous_7)
FNDA:0,(anonymous_8)
FNDA:0,(anonymous_9)
FNDA:0,(anonymous_10)
FNDA:0,(anonymous_11)
DA:2,3
DA:3,3
DA:4,3
DA:5,3
DA:11,3
DA:12,114
DA:13,114
DA:20,114
DA:21,114
DA:30,48
DA:31,48
DA:32,7
DA:34,41
DA:38,0
DA:39,0
DA:48,0
DA:49,0
DA:50,0
DA:51,0
DA:52,0
DA:53,0
DA:54,0
DA:55,0
DA:56,0
DA:58,0
DA:60,0
DA:63,0
DA:64,0
DA:66,0
DA:75,0
DA:76,0
DA:77,0
DA:78,0
DA:79,0
DA:80,0
DA:81,0
DA:83,0
DA:86,0
DA:95,0
DA:96,0
DA:97,0
DA:98,0
DA:99,0
DA:100,0
DA:101,0
DA:102,0
DA:103,0
DA:105,0
DA:108,0
DA:111,0
DA:112,0
DA:114,0
DA:123,0
DA:124,0
DA:125,0
DA:126,0
DA:127,0
DA:128,0
DA:129,0
DA:132,0
DA:135,0
DA:144,0
DA:151,0
DA:152,0
DA:153,0
DA:166,0
DA:167,0
DA:168,0
DA:169,0
DA:170,0
DA:171,0
DA:172,0
DA:173,0
DA:174,0
DA:175,0
DA:178,0
DA:179,0
DA:182,0
DA:184,0
DA:185,0
DA:197,0
DA:198,0
DA:199,0
DA:200,0
DA:202,0
DA:203,0
DA:205,0
DA:206,0
DA:207,0
LF:89
LH:13
BRDA:31,0,0,7
BRDA:53,1,0,0
BRDA:53,1,1,0
BRDA:54,2,0,0
BRDA:54,2,1,0
BRDA:55,3,0,0
BRDA:79,4,0,0
BRDA:79,4,1,0
BRDA:80,5,0,0
BRDA:80,5,1,0
BRDA:100,6,0,0
BRDA:100,6,1,0
BRDA:101,7,0,0
BRDA:101,7,1,0
BRDA:102,8,0,0
BRDA:127,9,0,0
BRDA:127,9,1,0
BRDA:128,10,0,0
BRDA:128,10,1,0
BRDA:173,11,0,0
BRDA:173,11,1,0
BRDA:174,12,0,0
BRDA:178,13,0,0
BRDA:184,14,0,0
BRF:24
BRH:1
end_of_record
TN:
SF:src\model\components\User.ts
FN:13,(anonymous_0)
FN:22,(anonymous_1)
FN:26,(anonymous_2)
FNF:3
FNH:1
FNDA:36,(anonymous_0)
FNDA:0,(anonymous_1)
FNDA:0,(anonymous_2)
DA:4,1
DA:5,36
DA:6,36
DA:14,36
DA:15,36
DA:23,0
DA:27,0
LF:7
LH:5
BRF:0
BRH:0
end_of_record
TN:
SF:src\model\conflicts\MergeConflict.ts
FN:17,(anonymous_0)
FN:27,(anonymous_1)
FN:37,(anonymous_2)
FNF:3
FNH:0
FNDA:0,(anonymous_0)
FNDA:0,(anonymous_1)
FNDA:0,(anonymous_2)
DA:6,3
DA:7,0
DA:8,0
DA:9,0
DA:18,0
DA:19,0
DA:20,0
DA:28,0
DA:38,0
DA:39,0
DA:41,0
LF:11
LH:1
BRDA:38,0,0,0
BRDA:38,0,1,0
BRF:2
BRH:0
end_of_record
TN:
SF:src\model\conflicts\MergeConflictResolver.ts
FN:45,(anonymous_0)
FN:53,(anonymous_1)
FN:61,(anonymous_2)
FN:72,(anonymous_3)
FN:73,(anonymous_4)
FN:74,(anonymous_5)
FN:79,(anonymous_6)
FNF:7
FNH:1
FNDA:114,(anonymous_0)
FNDA:0,(anonymous_1)
FNDA:0,(anonymous_2)
FNDA:0,(anonymous_3)
FNDA:0,(anonymous_4)
FNDA:0,(anonymous_5)
FNDA:0,(anonymous_6)
DA:38,3
DA:39,114
DA:40,114
DA:46,114
DA:54,0
DA:62,0
DA:73,0
DA:74,0
DA:75,0
DA:76,0
DA:79,0
DA:80,0
DA:85,0
DA:86,0
LF:14
LH:4
BRDA:75,0,0,0
BRF:1
BRH:0
end_of_record
TN:
SF:src\model\enums\Operator.ts
FN:4,(anonymous_0)
FNF:1
FNH:1
FNDA:3,(anonymous_0)
DA:4,3
DA:5,3
DA:6,3
DA:7,3
DA:8,3
DA:9,3
LF:6
LH:6
BRDA:4,0,0,3
BRDA:4,0,1,3
BRF:2
BRH:2
end_of_record
TN:
SF:src\model\errors\AError.ts
FN:9,(anonymous_0)
FN:13,(anonymous_1)
FNF:2
FNH:1
FNDA:15,(anonymous_0)
FNDA:0,(anonymous_1)
DA:7,3
DA:10,15
DA:14,0
LF:3
LH:2
BRF:0
BRH:0
end_of_record
TN:
SF:src\model\errors\IllegalOperands.ts
FN:8,(anonymous_0)
FNF:1
FNH:0
FNDA:0,(anonymous_0)
DA:1,3
DA:6,3
DA:9,0
LF:3
LH:2
BRF:0
BRH:0
end_of_record
TN:
SF:src\model\errors\InvalidExpression.ts
FN:8,(anonymous_0)
FNF:1
FNH:0
FNDA:0,(anonymous_0)
DA:1,3
DA:6,3
DA:9,0
LF:3
LH:2
BRF:0
BRH:0
end_of_record
TN:
SF:src\model\errors\InvalidRange.ts
FN:9,(anonymous_0)
FNF:1
FNH:0
FNDA:0,(anonymous_0)
DA:1,3
DA:7,3
DA:10,0
LF:3
LH:2
BRF:0
BRH:0
end_of_record
TN:
SF:src\model\errors\MixedValues.ts
FN:8,(anonymous_0)
FNF:1
FNH:0
FNDA:0,(anonymous_0)
DA:1,3
DA:6,3
DA:9,0
LF:3
LH:2
BRF:0
BRH:0
end_of_record
TN:
SF:src\model\errors\NullOperand.ts
FN:8,(anonymous_0)
FNF:1
FNH:0
FNDA:0,(anonymous_0)
DA:1,3
DA:6,3
DA:9,0
LF:3
LH:2
BRF:0
BRH:0
end_of_record
TN:
SF:src\model\errors\WrongParentheses.ts
FN:7,(anonymous_0)
FNF:1
FNH:0
FNDA:0,(anonymous_0)
DA:1,3
DA:6,3
DA:8,0
LF:3
LH:2
BRF:0
BRH:0
end_of_record
TN:
SF:src\model\expressions\EmptyExpression.ts
FN:8,(anonymous_0)
FN:12,(anonymous_1)
FNF:2
FNH:1
FNDA:21,(anonymous_0)
FNDA:0,(anonymous_1)
DA:6,3
DA:9,21
DA:13,0
LF:3
LH:2
BRF:0
BRH:0
end_of_record
TN:
SF:src\model\expressions\FormulaExpression.ts
FN:23,(anonymous_0)
FN:30,(anonymous_1)
FN:75,(anonymous_2)
FN:79,(anonymous_3)
FNF:4
FNH:3
FNDA:54,(anonymous_0)
FNDA:174,(anonymous_1)
FNDA:174,(anonymous_2)
FNDA:0,(anonymous_3)
DA:2,3
DA:4,3
DA:5,3
DA:10,3
DA:11,54
DA:12,54
DA:13,54
DA:14,54
DA:24,54
DA:25,54
DA:26,54
DA:27,54
DA:31,174
DA:32,1
DA:34,174
DA:35,174
DA:37,25
DA:38,0
DA:39,0
DA:41,25
DA:44,6
DA:45,0
DA:46,0
DA:48,6
DA:51,80
DA:53,51
DA:54,0
DA:55,0
DA:57,51
DA:60,12
DA:61,0
DA:62,0
DA:64,12
DA:67,0
DA:76,174
DA:80,0
LF:36
LH:26
BRDA:31,0,0,1
BRDA:35,1,0,25
BRDA:35,1,1,6
BRDA:35,1,2,80
BRDA:35,1,3,51
BRDA:35,1,4,12
BRDA:35,1,5,0
BRDA:37,2,0,0
BRDA:37,2,1,25
BRDA:44,3,0,0
BRDA:44,3,1,6
BRDA:53,4,0,0
BRDA:53,4,1,51
BRDA:60,5,0,0
BRDA:60,5,1,12
BRDA:76,6,0,174
BRDA:76,6,1,171
BRF:17
BRH:12
end_of_record
TN:
SF:src\model\expressions\NumericConstant.ts
FN:13,(anonymous_0)
FN:17,(anonymous_1)
FN:21,(anonymous_2)
FNF:3
FNH:2
FNDA:129,(anonymous_0)
FNDA:1147,(anonymous_1)
FNDA:0,(anonymous_2)
DA:6,3
DA:7,129
DA:14,129
DA:18,1147
DA:22,0
LF:5
LH:4
BRF:0
BRH:0
end_of_record
TN:
SF:src\model\expressions\RangeExpression.ts
FN:30,(anonymous_0)
FN:53,(anonymous_1)
FN:70,(anonymous_2)
FN:77,(anonymous_3)
FN:79,(anonymous_4)
FN:90,(anonymous_5)
FNF:6
FNH:5
FNDA:12,(anonymous_0)
FNDA:15,(anonymous_1)
FNDA:30,(anonymous_2)
FNDA:13,(anonymous_3)
FNDA:4,(anonymous_4)
FNDA:0,(anonymous_5)
DA:4,3
DA:5,3
DA:6,3
DA:7,3
DA:12,3
DA:13,12
DA:14,12
DA:15,12
DA:16,12
DA:17,12
DA:18,12
DA:19,12
DA:20,12
DA:31,12
DA:32,12
DA:33,12
DA:34,12
DA:35,12
DA:36,12
DA:37,12
DA:38,12
DA:39,12
DA:43,12
DA:44,36
DA:45,35
DA:48,11
DA:49,35
DA:54,15
DA:55,15
DA:56,15
DA:57,43
DA:58,43
DA:59,43
DA:60,0
DA:62,43
DA:64,0
DA:65,0
DA:67,0
DA:70,30
DA:71,15
DA:72,5
DA:73,5
DA:75,10
DA:77,13
DA:79,4
DA:81,1
DA:83,1
DA:85,0
DA:86,0
DA:91,0
LF:50
LH:43
BRDA:59,0,0,0
BRDA:64,1,0,0
BRDA:71,2,0,5
BRDA:75,3,0,7
BRDA:75,3,1,1
BRDA:75,3,2,1
BRDA:75,3,3,1
BRDA:75,3,4,0
BRF:8
BRH:5
end_of_record
TN:
SF:src\model\expressions\ReferenceExpression.ts
FN:22,(anonymous_0)
FN:37,(anonymous_1)
FN:57,(anonymous_2)
FNF:3
FNH:2
FNDA:12,(anonymous_0)
FNDA:70,(anonymous_1)
FNDA:0,(anonymous_2)
DA:4,3
DA:9,3
DA:10,12
DA:11,12
DA:12,12
DA:13,12
DA:14,12
DA:23,12
DA:24,12
DA:25,12
DA:26,12
DA:29,6
DA:39,70
DA:40,0
DA:41,0
DA:43,70
DA:44,70
DA:45,70
DA:46,70
DA:47,70
DA:49,0
DA:50,0
DA:51,0
DA:53,0
DA:58,0
LF:25
LH:18
BRDA:39,0,0,0
BRDA:50,1,0,0
BRF:2
BRH:0
end_of_record
TN:
SF:src\model\expressions\StringConstant.ts
FN:13,(anonymous_0)
FN:17,(anonymous_1)
FN:21,(anonymous_2)
FNF:3
FNH:2
FNDA:141,(anonymous_0)
FNDA:258,(anonymous_1)
FNDA:0,(anonymous_2)
DA:6,3
DA:7,141
DA:14,141
DA:18,258
DA:22,0
LF:5
LH:4
BRF:0
BRH:0
end_of_record
TN:
SF:src\model\version\VersionEntry.ts
FN:8,(anonymous_0)
FN:14,(anonymous_1)
FNF:2
FNH:1
FNDA:121,(anonymous_0)
FNDA:0,(anonymous_1)
DA:3,3
DA:4,121
DA:5,121
DA:6,121
DA:9,121
DA:10,121
DA:11,121
DA:15,0
LF:8
LH:7
BRF:0
BRH:0
end_of_record
TN:
SF:src\model\version\VersionHistory.ts
FN:3,(anonymous_0)
FN:6,(anonymous_1)
FN:10,(anonymous_2)
FNF:3
FNH:2
FNDA:22652,(anonymous_0)
FNDA:121,(anonymous_1)
FNDA:0,(anonymous_2)
DA:3,3
DA:4,22652
DA:7,121
DA:11,0
LF:4
LH:3
BRF:0
BRH:0
end_of_record
