TN:
SF:implementation\src\model\Cell.ts
FN:14,(anonymous_0)
FN:21,(anonymous_1)
FN:25,(anonymous_2)
FN:29,(anonymous_3)
FN:34,(anonymous_4)
FNF:5
FNH:0
FNDA:0,(anonymous_0)
FNDA:0,(anonymous_1)
FNDA:0,(anonymous_2)
FNDA:0,(anonymous_3)
FNDA:0,(anonymous_4)
DA:4,1
DA:7,1
DA:15,0
DA:16,0
DA:17,0
DA:18,0
DA:22,0
DA:26,0
DA:30,0
DA:31,0
DA:35,0
LF:11
LH:2
BRF:0
BRH:0
end_of_record
TN:
SF:implementation\src\model\Director.ts
FN:11,(anonymous_0)
FN:20,(anonymous_1)
FN:29,(anonymous_2)
FNF:3
FNH:1
FNDA:0,(anonymous_0)
FNDA:58,(anonymous_1)
FNDA:0,(anonymous_2)
DA:1,1
DA:2,1
DA:3,1
DA:9,1
DA:12,0
DA:13,0
DA:14,0
DA:15,0
DA:16,0
DA:17,0
DA:21,58
DA:22,58
DA:23,58
DA:24,58
DA:25,58
DA:26,58
DA:30,0
DA:31,0
DA:32,0
DA:33,0
LF:20
LH:10
BRF:0
BRH:0
end_of_record
TN:
SF:implementation\src\model\SpreadSheet.ts
FN:9,(anonymous_0)
FN:13,(anonymous_1)
FN:21,(anonymous_2)
FNF:3
FNH:1
FNDA:23,(anonymous_0)
FNDA:0,(anonymous_1)
FNDA:0,(anonymous_2)
DA:2,1
DA:5,1
DA:10,23
DA:14,0
DA:15,0
DA:16,0
DA:18,0
DA:22,0
DA:23,0
DA:24,0
LF:10
LH:3
BRDA:15,0,0,0
BRF:1
BRH:0
end_of_record
TN:
SF:implementation\src\model\builders\CellBuilder.ts
FN:12,(anonymous_0)
FN:18,(anonymous_1)
FN:25,(anonymous_2)
FN:30,(anonymous_3)
FNF:4
FNH:0
FNDA:0,(anonymous_0)
FNDA:0,(anonymous_1)
FNDA:0,(anonymous_2)
FNDA:0,(anonymous_3)
DA:1,1
DA:5,1
DA:7,1
DA:13,0
DA:14,0
DA:15,0
DA:19,0
DA:20,0
DA:21,0
DA:22,0
DA:26,0
DA:27,0
DA:31,0
DA:32,0
LF:14
LH:3
BRF:0
BRH:0
end_of_record
TN:
SF:implementation\src\model\builders\ExpressionBuilder.ts
FN:21,(anonymous_0)
FN:27,(anonymous_1)
FN:34,(anonymous_2)
FN:38,(anonymous_3)
FN:43,(anonymous_4)
FN:52,(anonymous_5)
FN:65,(anonymous_6)
FN:92,(anonymous_7)
FN:112,(anonymous_8)
FN:154,(anonymous_9)
FN:158,(anonymous_10)
FNF:11
FNH:11
FNDA:58,(anonymous_0)
FNDA:58,(anonymous_1)
FNDA:58,(anonymous_2)
FNDA:58,(anonymous_3)
FNDA:58,(anonymous_4)
FNDA:53,(anonymous_5)
FNDA:53,(anonymous_6)
FNDA:51,(anonymous_7)
FNDA:16,(anonymous_8)
FNDA:11,(anonymous_9)
FNDA:35,(anonymous_10)
DA:3,1
DA:4,1
DA:5,1
DA:6,1
DA:7,1
DA:8,1
DA:9,1
DA:10,1
DA:11,1
DA:12,1
DA:13,1
DA:16,1
DA:22,58
DA:23,58
DA:24,58
DA:28,58
DA:29,58
DA:30,58
DA:31,58
DA:35,58
DA:39,58
DA:40,58
DA:44,58
DA:45,5
DA:46,5
DA:48,53
DA:49,53
DA:53,53
DA:54,25
DA:55,28
DA:56,6
DA:57,22
DA:58,1
DA:59,21
DA:60,1
DA:61,1
DA:66,53
DA:67,53
DA:68,53
DA:69,162
DA:70,7
DA:72,162
DA:73,35
DA:75,162
DA:76,7
DA:77,7
DA:78,6
DA:80,1
DA:81,1
DA:85,52
DA:86,1
DA:87,1
DA:89,51
DA:93,51
DA:94,129
DA:95,31
DA:97,98
DA:98,98
DA:99,11
DA:100,11
DA:101,87
DA:102,4
DA:103,4
DA:104,83
DA:105,1
DA:106,1
DA:109,35
DA:113,16
DA:114,16
DA:115,16
DA:116,5
DA:118,11
DA:120,11
DA:122,5
DA:123,5
DA:125,1
DA:126,0
DA:128,1
DA:129,1
DA:131,1
DA:132,0
DA:134,1
DA:135,1
DA:137,3
DA:138,1
DA:140,2
DA:141,2
DA:143,1
DA:144,0
DA:146,1
DA:147,1
DA:149,0
DA:151,10
DA:155,11
DA:159,35
DA:160,3
LF:96
LH:92
BRDA:44,0,0,5
BRDA:53,1,0,25
BRDA:53,1,1,28
BRDA:55,2,0,6
BRDA:55,2,1,22
BRDA:57,3,0,1
BRDA:57,3,1,21
BRDA:59,4,0,1
BRDA:69,5,0,7
BRDA:72,6,0,35
BRDA:75,7,0,7
BRDA:77,8,0,6
BRDA:77,8,1,1
BRDA:85,9,0,1
BRDA:94,10,0,31
BRDA:98,11,0,11
BRDA:98,11,1,87
BRDA:98,12,0,98
BRDA:98,12,1,89
BRDA:101,13,0,4
BRDA:101,13,1,83
BRDA:101,14,0,87
BRDA:101,14,1,84
BRDA:104,15,0,1
BRDA:115,16,0,5
BRDA:115,17,0,16
BRDA:115,17,1,13
BRDA:120,18,0,5
BRDA:120,18,1,1
BRDA:120,18,2,1
BRDA:120,18,3,3
BRDA:120,18,4,1
BRDA:120,18,5,0
BRDA:125,19,0,0
BRDA:131,20,0,0
BRDA:137,21,0,1
BRDA:143,22,0,0
BRDA:155,23,0,11
BRDA:155,23,1,9
BRDA:159,24,0,3
BRF:40
BRH:36
end_of_record
TN:
SF:implementation\src\model\builders\SpreadSheetBuilder.ts
FN:5,(anonymous_0)
FN:8,(anonymous_1)
FN:11,(anonymous_2)
FNF:3
FNH:0
FNDA:0,(anonymous_0)
FNDA:0,(anonymous_1)
FNDA:0,(anonymous_2)
DA:3,1
DA:6,0
DA:9,0
DA:12,0
LF:4
LH:1
BRF:0
BRH:0
end_of_record
TN:
SF:implementation\src\model\enums\Operator.ts
FN:1,(anonymous_0)
FNF:1
FNH:1
FNDA:1,(anonymous_0)
DA:1,1
DA:2,1
DA:3,1
DA:4,1
DA:5,1
DA:6,1
LF:6
LH:6
BRDA:1,0,0,1
BRDA:1,0,1,1
BRF:2
BRH:2
end_of_record
TN:
SF:implementation\src\model\errors\AError.ts
FN:5,(anonymous_0)
FN:9,(anonymous_1)
FNF:2
FNH:1
FNDA:1,(anonymous_0)
FNDA:0,(anonymous_1)
DA:3,1
DA:6,1
DA:10,0
LF:3
LH:2
BRF:0
BRH:0
end_of_record
TN:
SF:implementation\src\model\errors\InvalidExpression.ts
FN:5,(anonymous_0)
FNF:1
FNH:0
FNDA:0,(anonymous_0)
DA:1,1
DA:3,1
DA:6,0
LF:3
LH:2
BRF:0
BRH:0
end_of_record
TN:
SF:implementation\src\model\errors\NullOperand.ts
FN:5,(anonymous_0)
FNF:1
FNH:0
FNDA:0,(anonymous_0)
DA:1,1
DA:3,1
DA:6,0
LF:3
LH:2
BRF:0
BRH:0
end_of_record
TN:
SF:implementation\src\model\errors\WrongParentheses.ts
FN:5,(anonymous_0)
FNF:1
FNH:0
FNDA:0,(anonymous_0)
DA:1,1
DA:3,1
DA:6,0
LF:3
LH:2
BRF:0
BRH:0
end_of_record
TN:
SF:implementation\src\model\expressions\CellReference.ts
FN:8,(anonymous_0)
FN:13,(anonymous_1)
FN:17,(anonymous_2)
FNF:3
FNH:1
FNDA:1,(anonymous_0)
FNDA:0,(anonymous_1)
FNDA:0,(anonymous_2)
DA:4,1
DA:9,1
DA:10,1
DA:14,0
DA:18,0
LF:5
LH:3
BRF:0
BRH:0
end_of_record
TN:
SF:implementation\src\model\expressions\EmptyExpression.ts
FN:5,(anonymous_0)
FN:9,(anonymous_1)
FNF:2
FNH:1
FNDA:5,(anonymous_0)
FNDA:0,(anonymous_1)
DA:3,1
DA:6,5
DA:10,0
LF:3
LH:2
BRF:0
BRH:0
end_of_record
TN:
SF:implementation\src\model\expressions\FormulaExpression.ts
FN:10,(anonymous_0)
FN:16,(anonymous_1)
FN:33,(anonymous_2)
FNF:3
FNH:2
FNDA:10,(anonymous_0)
FNDA:12,(anonymous_1)
FNDA:0,(anonymous_2)
DA:2,1
DA:5,1
DA:11,10
DA:12,10
DA:13,10
DA:17,12
DA:19,1
DA:21,1
DA:23,7
DA:25,2
DA:27,1
DA:29,0
DA:34,0
LF:13
LH:11
BRDA:17,0,0,1
BRDA:17,0,1,1
BRDA:17,0,2,7
BRDA:17,0,3,2
BRDA:17,0,4,1
BRDA:17,0,5,0
BRF:6
BRH:5
end_of_record
TN:
SF:implementation\src\model\expressions\NumericConstant.ts
FN:6,(anonymous_0)
FN:10,(anonymous_1)
FN:14,(anonymous_2)
FNF:3
FNH:2
FNDA:25,(anonymous_0)
FNDA:60,(anonymous_1)
FNDA:0,(anonymous_2)
DA:3,1
DA:7,25
DA:11,60
DA:15,0
LF:4
LH:3
BRF:0
BRH:0
end_of_record
TN:
SF:implementation\src\model\expressions\RangeExpression.ts
FN:10,(anonymous_0)
FN:17,(anonymous_1)
FN:35,(anonymous_2)
FN:36,(anonymous_3)
FN:41,(anonymous_4)
FN:43,(anonymous_5)
FN:49,(anonymous_6)
FN:68,(anonymous_7)
FN:77,(anonymous_8)
FN:87,(anonymous_9)
FNF:10
FNH:1
FNDA:1,(anonymous_0)
FNDA:0,(anonymous_1)
FNDA:0,(anonymous_2)
FNDA:0,(anonymous_3)
FNDA:0,(anonymous_4)
FNDA:0,(anonymous_5)
FNDA:0,(anonymous_6)
FNDA:0,(anonymous_7)
FNDA:0,(anonymous_8)
FNDA:0,(anonymous_9)
DA:4,1
DA:11,1
DA:12,1
DA:13,1
DA:14,1
DA:18,0
DA:19,0
DA:20,0
DA:21,0
DA:22,0
DA:23,0
DA:24,0
DA:27,0
DA:31,0
DA:32,0
DA:35,0
DA:36,0
DA:38,0
DA:40,0
DA:41,0
DA:42,0
DA:43,0
DA:45,0
DA:48,0
DA:49,0
DA:51,0
DA:54,0
DA:55,0
DA:57,0
DA:60,0
DA:61,0
DA:63,0
DA:69,0
DA:70,0
DA:71,0
DA:72,0
DA:74,0
DA:78,0
DA:79,0
DA:80,0
DA:81,0
DA:82,0
DA:84,0
DA:88,0
LF:44
LH:5
BRDA:24,0,0,0
BRDA:24,0,1,0
BRDA:31,1,0,0
BRDA:38,2,0,0
BRDA:38,2,1,0
BRDA:38,2,2,0
BRDA:38,2,3,0
BRDA:40,3,0,0
BRDA:40,3,1,0
BRDA:42,4,0,0
BRDA:42,4,1,0
BRDA:48,5,0,0
BRDA:48,5,1,0
BRDA:54,6,0,0
BRDA:54,6,1,0
BRDA:60,7,0,0
BRDA:60,7,1,0
BRF:17
BRH:0
end_of_record
TN:
SF:implementation\src\model\expressions\StringConstant.ts
FN:6,(anonymous_0)
FN:10,(anonymous_1)
FN:14,(anonymous_2)
FNF:3
FNH:2
FNDA:6,(anonymous_0)
FNDA:10,(anonymous_1)
FNDA:0,(anonymous_2)
DA:3,1
DA:7,6
DA:11,10
DA:15,0
LF:4
LH:3
BRF:0
BRH:0
end_of_record
TN:
SF:implementation\src\model\version\VersionHistory.ts
FN:3,(anonymous_0)
FN:6,(anonymous_1)
FN:10,(anonymous_2)
FNF:3
FNH:0
FNDA:0,(anonymous_0)
FNDA:0,(anonymous_1)
FNDA:0,(anonymous_2)
DA:3,1
DA:4,0
DA:7,0
DA:11,0
LF:4
LH:1
BRF:0
BRH:0
end_of_record
